#
# A fatal error has been detected by the Java Runtime Environment:
#
#  SIGSEGV (0xb) at pc=0xb55293fb, pid=3187, tid=2821032768
#
# JRE version: 6.0_24-b24
# Java VM: OpenJDK Client VM (20.0-b12 mixed mode, sharing linux-x86 )
# Derivative: IcedTea6 1.11.3
# Distribution: Ubuntu 12.04 LTS, package 6b24-1.11.3-1ubuntu0.12.04.1
# Problematic frame:
# J  com.sun.org.apache.xerces.internal.util.SymbolTable.addSymbol([CII)Ljava/lang/String;
#
# If you would like to submit a bug report, please include
# instructions how to reproduce the bug and visit:
#   https://bugs.launchpad.net/ubuntu/+source/openjdk-6/
#

---------------  T H R E A D  ---------------

Current thread (0xa8a32c00):  JavaThread "Folder Instance Processor" daemon [_thread_in_Java, id=3228, stack(0xa8058000,0xa8259000)]

siginfo:si_signo=SIGSEGV: si_errno=0, si_code=128 (), si_addr=0x00000000

Registers:
EAX=0x55f05a28, EBX=0x55efc4d8, ECX=0x55f05a28, EDX=0x56b80000
ESP=0xa82579e0, EBP=0xa8257ab4, ESI=0x00000063, EDI=0x00000008
EIP=0xb55293fb, EFLAGS=0x00010293, CR2=0xb77d6100

Top of Stack: (sp=0xa82579e0)
0xa82579e0:   00000014 00000008 00000000 00e082ec
0xa82579f0:   a8a32c00 55f05a1c 00000006 b548a1ec
0xa8257a00:   55efc4d8 56b80000 00000063 0493297f
0xa8257a10:   a8257a8c 55f05a28 62cb9614 010eeff4
0xa8257a20:   55f04f68 a8a32c00 a8257ab4 b54d5e3c
0xa8257a30:   00000014 00000008 00000003 55f05a10
0xa8257a40:   010eeff4 010eeff4 0000000f 00000020
0xa8257a50:   55efcac8 55f04f68 a8257af8 b5489b80 

Instructions: (pc=0xb55293fb)
0xb55293db:   0c 8b 54 24 24 8b 7c 24 50 89 3c 24 8b 7c 24 54
0xb55293eb:   89 7c 24 04 89 4c 24 08 8b c8 89 44 24 34 90 90
0xb55293fb:   e8 20 ee 20 00 8b 4c 24 20 8b 41 0c 8b 54 24 28
0xb552940b:   8d 74 90 0c 3b 50 08 0f 83 d6 00 00 00 8b 7c 24 

Register to memory mapping:

EAX=
[error occurred during error reporting (printing register info), id 0xb]

Stack: [0xa8058000,0xa8259000],  sp=0xa82579e0,  free space=2046k
Native frames: (J=compiled Java code, j=interpreted, Vv=VM code, C=native code)
J  com.sun.org.apache.xerces.internal.util.SymbolTable.addSymbol([CII)Ljava/lang/String;
j  com.sun.org.apache.xerces.internal.impl.XMLScanner.scanXMLDeclOrTextDecl(Z[Ljava/lang/String;)V+78
j  com.sun.org.apache.xerces.internal.impl.XMLDocumentFragmentScannerImpl.scanXMLDeclOrTextDecl(Z)V+6
j  com.sun.org.apache.xerces.internal.impl.XMLDocumentScannerImpl$XMLDeclDriver.next()I+217
J  com.sun.org.apache.xerces.internal.impl.XMLDocumentScannerImpl.next()I
j  com.sun.org.apache.xerces.internal.parsers.XML11Configuration.parse(Lcom/sun/org/apache/xerces/internal/xni/parser/XMLInputSource;)V+29
j  com.sun.org.apache.xerces.internal.parsers.XMLParser.parse(Lcom/sun/org/apache/xerces/internal/xni/parser/XMLInputSource;)V+9
j  com.sun.org.apache.xerces.internal.parsers.AbstractSAXParser.parse(Lorg/xml/sax/InputSource;)V+43
j  com.sun.org.apache.xerces.internal.jaxp.SAXParserImpl$JAXPSAXParser.parse(Lorg/xml/sax/InputSource;)V+43
j  org.netbeans.modules.editor.options.AnnotationTypeProcessor.parse()Lorg/netbeans/editor/AnnotationType;+86
j  org.netbeans.modules.editor.options.AnnotationTypeProcessor.instanceCreate()Ljava/lang/Object;+6
j  org.openide.loaders.XMLDataObject$ICDel.instanceCreate()Ljava/lang/Object;+4
j  org.openide.loaders.FolderInstance.instanceForCookie(Lorg/openide/loaders/DataObject;Lorg/openide/cookies/InstanceCookie;)Ljava/lang/Object;+1
j  org.openide.loaders.FolderInstance$HoldInstance.instanceCreate()Ljava/lang/Object;+21
j  org.netbeans.modules.editor.options.AnnotationTypesFolder.createInstance([Lorg/openide/cookies/InstanceCookie;)Ljava/lang/Object;+30
j  org.openide.loaders.FolderInstance.defaultProcessObjectsFinal([Lorg/openide/loaders/FolderInstance$HoldInstance;)V+4
j  org.openide.loaders.FolderInstance$1R.run()V+71
j  org.openide.util.RequestProcessor$Task.run()V+51
j  org.openide.util.RequestProcessor$Processor.run()V+218
v  ~StubRoutines::call_stub
V  [libjvm.so+0x20faf6]  JavaCalls::call_helper(JavaValue*, methodHandle*, JavaCallArguments*, Thread*)+0x2c6


---------------  P R O C E S S  ---------------

Java Threads: ( => current thread )
  0x096d5800 JavaThread "Image Fetcher 0" daemon [_thread_in_vm, id=3231, stack(0xa7d85000,0xa7f86000)]
=>0xa8a32c00 JavaThread "Folder Instance Processor" daemon [_thread_in_Java, id=3228, stack(0xa8058000,0xa8259000)]
  0xae56a400 JavaThread "Warm Up" daemon [_thread_blocked, id=3226, stack(0xae0fe000,0xae2ff000)]
  0xa8a2a400 JavaThread "Subversion - ANY_URL" daemon [_thread_blocked, id=3225, stack(0xa8262000,0xa8463000)]
  0xa8a2b800 JavaThread "Inactive RequestProcessor thread [Was:UI Gestures/org.netbeans.modules.uihandler.Installer]" daemon [_thread_blocked, id=3224, stack(0xb2a3a000,0xb2c3b000)]
  0xae594c00 JavaThread "Inactive RequestProcessor thread [Was:Folder recognizer/org.openide.loaders.FolderList$ListTask]" daemon [_thread_blocked, id=3223, stack(0xae2ff000,0xae500000)]
  0xb74cb800 JavaThread "DestroyJavaVM" [_thread_blocked, id=3188, stack(0xb75bc000,0xb77bd000)]
  0xafbb5c00 JavaThread "AWT-EventQueue-1" [_thread_blocked, id=3218, stack(0xae6f9000,0xae8fa000)]
  0xb495dc00 JavaThread "TimerQueue" daemon [_thread_blocked, id=3217, stack(0xb220b000,0xb240c000)]
  0xafbadc00 JavaThread "Worker-JM" [_thread_blocked, id=3216, stack(0xae8fa000,0xaeafb000)]
  0xafb9a400 JavaThread "Framework Event Dispatcher" daemon [_thread_blocked, id=3215, stack(0xaeafb000,0xaecfc000)]
  0xafbac000 JavaThread "Path Registry Request Processor" daemon [_thread_blocked, id=3214, stack(0xaecfc000,0xaeefd000)]
  0xafb9f800 JavaThread "GitRefresh" daemon [_thread_blocked, id=3213, stack(0xaeefd000,0xaf0fe000)]
  0xafb9e400 JavaThread "Thread-1" daemon [_thread_blocked, id=3212, stack(0xaf0fe000,0xaf2ff000)]
  0xafba0800 JavaThread "File Watcher" [_thread_blocked, id=3211, stack(0xb02fb000,0xb04fc000)]
  0xb1925000 JavaThread "State Data Manager" daemon [_thread_blocked, id=3206, stack(0xb14fe000,0xb16ff000)]
  0xb1927800 JavaThread "Framework Active Thread" [_thread_blocked, id=3205, stack(0xb16ff000,0xb1900000)]
  0xb495d400 JavaThread "AWT-Shutdown" [_thread_blocked, id=3203, stack(0xb240c000,0xb260d000)]
  0xb4951000 JavaThread "AWT-XAWT" daemon [_thread_in_native, id=3202, stack(0xb260d000,0xb280e000)]
  0xb4917800 JavaThread "Java2D Disposer" daemon [_thread_blocked, id=3201, stack(0xb2839000,0xb2a3a000)]
  0xb74c7c00 JavaThread "Load Open Projects" daemon [_thread_blocked, id=3199, stack(0xb2c3b000,0xb2e3c000)]
  0xb74c6800 JavaThread "CLI Requests Server" daemon [_thread_in_native, id=3198, stack(0xb2e3c000,0xb303d000)]
  0xb749fc00 JavaThread "Active Reference Queue Daemon" daemon [_thread_blocked, id=3197, stack(0xb3c7a000,0xb3e7b000)]
  0xb7470000 JavaThread "RequestProcessor queue manager" daemon [_thread_blocked, id=3196, stack(0xb3e7b000,0xb407c000)]
  0xb743dc00 JavaThread "Low Memory Detector" daemon [_thread_blocked, id=3194, stack(0xb40fd000,0xb42fe000)]
  0xb743bc00 JavaThread "C1 CompilerThread0" daemon [_thread_blocked, id=3193, stack(0xb4a7e000,0xb4aff000)]
  0xb743a400 JavaThread "Signal Dispatcher" daemon [_thread_blocked, id=3192, stack(0xb42fe000,0xb44ff000)]
  0xb7436400 JavaThread "Finalizer" daemon [_thread_blocked, id=3191, stack(0xb46ff000,0xb4900000)]
  0xb7434c00 JavaThread "Reference Handler" daemon [_thread_blocked, id=3190, stack(0xb4aff000,0xb4d00000)]

Other Threads:
  0xb7433000 VMThread [stack: 0xb4e6c000,0xb4eed000] [id=3189]
  0xb7440000 WatcherThread [stack: 0xb407c000,0xb40fd000] [id=3195]

VM state:synchronizing (normal execution)

VM Mutex/Monitor currently owned by a thread:  ([mutex/lock_event])
[0xb7404938] Safepoint_lock - owner thread: 0xb7433000
[0xb74049a0] Threads_lock - owner thread: 0xb7433000

Heap
 def new generation   total 16064K, used 2579K [0x55d80000, 0x56ee0000, 0x62620000)
  eden space 14336K,  11% used [0x55d80000, 0x55f0c7b8, 0x56b80000)
  from space 1728K,  57% used [0x56b80000, 0x56c784b0, 0x56d30000)
  to   space 1728K,   0% used [0x56d30000, 0x56d30000, 0x56ee0000)
 tenured generation   total 35452K, used 21878K [0x62620000, 0x648bf000, 0x7b780000)
   the space 35452K,  61% used [0x62620000, 0x63b7d858, 0x63b7da00, 0x648bf000)
 compacting perm gen  total 32768K, used 23529K [0x7b780000, 0x7d780000, 0x93780000)
   the space 32768K,  71% used [0x7b780000, 0x7ce7a788, 0x7ce7a800, 0x7d780000)
    ro space 10240K,  73% used [0x93780000, 0x93ee0cc8, 0x93ee0e00, 0x94180000)
    rw space 12288K,  60% used [0x94180000, 0x948ca478, 0x948ca600, 0x94d80000)

Code Cache  [0xb5400000, 0xb5740000, 0xb7400000)
 total_blobs=1890 nmethods=1610 adapters=215 free_code_cache=30182080 largest_free_block=384

Dynamic libraries:
00110000-002af000 r-xp 00000000 08:01 4201006    /lib/i386-linux-gnu/libc-2.15.so
002af000-002b1000 r--p 0019f000 08:01 4201006    /lib/i386-linux-gnu/libc-2.15.so
002b1000-002b2000 rw-p 001a1000 08:01 4201006    /lib/i386-linux-gnu/libc-2.15.so
002b2000-002b5000 rw-p 00000000 00:00 0 
002b5000-002c9000 r-xp 00000000 08:01 4203013    /lib/i386-linux-gnu/libz.so.1.2.3.4
002c9000-002ca000 r--p 00013000 08:01 4203013    /lib/i386-linux-gnu/libz.so.1.2.3.4
002ca000-002cb000 rw-p 00014000 08:01 4203013    /lib/i386-linux-gnu/libz.so.1.2.3.4
002cb000-003a3000 r-xp 00000000 08:01 2228547    /usr/lib/i386-linux-gnu/libstdc++.so.6.0.16
003a3000-003a4000 ---p 000d8000 08:01 2228547    /usr/lib/i386-linux-gnu/libstdc++.so.6.0.16
003a4000-003a8000 r--p 000d8000 08:01 2228547    /usr/lib/i386-linux-gnu/libstdc++.so.6.0.16
003a8000-003a9000 rw-p 000dc000 08:01 2228547    /usr/lib/i386-linux-gnu/libstdc++.so.6.0.16
003a9000-003b0000 rw-p 00000000 00:00 0 
003b0000-003da000 r-xp 00000000 08:01 4201010    /lib/i386-linux-gnu/libm-2.15.so
003da000-003db000 r--p 00029000 08:01 4201010    /lib/i386-linux-gnu/libm-2.15.so
003db000-003dc000 rw-p 0002a000 08:01 4201010    /lib/i386-linux-gnu/libm-2.15.so
003dc000-003e3000 r-xp 00000000 08:01 4201023    /lib/i386-linux-gnu/librt-2.15.so
003e3000-003e4000 r--p 00006000 08:01 4201023    /lib/i386-linux-gnu/librt-2.15.so
003e4000-003e5000 rw-p 00007000 08:01 4201023    /lib/i386-linux-gnu/librt-2.15.so
003e5000-003ec000 r-xp 00000000 08:01 4201013    /lib/i386-linux-gnu/libnss_compat-2.15.so
003ec000-003ed000 r--p 00006000 08:01 4201013    /lib/i386-linux-gnu/libnss_compat-2.15.so
003ed000-003ee000 rw-p 00007000 08:01 4201013    /lib/i386-linux-gnu/libnss_compat-2.15.so
003ee000-00404000 r-xp 00000000 08:01 4201012    /lib/i386-linux-gnu/libnsl-2.15.so
00404000-00405000 r--p 00015000 08:01 4201012    /lib/i386-linux-gnu/libnsl-2.15.so
00405000-00406000 rw-p 00016000 08:01 4201012    /lib/i386-linux-gnu/libnsl-2.15.so
00406000-00408000 rw-p 00000000 00:00 0 
00408000-0040f000 r-xp 00000000 08:01 2235491    /usr/lib/jvm/java-6-openjdk-i386/jre/lib/i386/libzip.so
0040f000-00410000 r--p 00006000 08:01 2235491    /usr/lib/jvm/java-6-openjdk-i386/jre/lib/i386/libzip.so
00410000-00411000 rw-p 00007000 08:01 2235491    /usr/lib/jvm/java-6-openjdk-i386/jre/lib/i386/libzip.so
00411000-00416000 r-xp 00000000 08:01 4201014    /lib/i386-linux-gnu/libnss_dns-2.15.so
00416000-00417000 r--p 00004000 08:01 4201014    /lib/i386-linux-gnu/libnss_dns-2.15.so
00417000-00418000 rw-p 00005000 08:01 4201014    /lib/i386-linux-gnu/libnss_dns-2.15.so
00418000-0041a000 r-xp 00000000 08:01 4195044    /lib/libnss_mdns4.so.2
0041a000-0041b000 r--p 00001000 08:01 4195044    /lib/libnss_mdns4.so.2
0041b000-0041c000 rw-p 00002000 08:01 4195044    /lib/libnss_mdns4.so.2
0041c000-0042c000 r-xp 00000000 08:01 2229727    /usr/lib/i386-linux-gnu/libXext.so.6.4.0
0042c000-0042d000 r--p 0000f000 08:01 2229727    /usr/lib/i386-linux-gnu/libXext.so.6.4.0
0042d000-0042e000 rw-p 00010000 08:01 2229727    /usr/lib/i386-linux-gnu/libXext.so.6.4.0
0042e000-00436000 r-xp 00000000 08:01 2229746    /usr/lib/i386-linux-gnu/libXrender.so.1.3.0
00436000-00437000 r--p 00007000 08:01 2229746    /usr/lib/i386-linux-gnu/libXrender.so.1.3.0
00437000-00438000 rw-p 00008000 08:01 2229746    /usr/lib/i386-linux-gnu/libXrender.so.1.3.0
00438000-0043d000 r-xp 00000000 08:01 2229086    /usr/lib/i386-linux-gnu/libXtst.so.6.1.0
0043d000-0043e000 r--p 00004000 08:01 2229086    /usr/lib/i386-linux-gnu/libXtst.so.6.1.0
0043e000-0043f000 rw-p 00005000 08:01 2229086    /usr/lib/i386-linux-gnu/libXtst.so.6.1.0
0043f000-0044d000 r-xp 00000000 08:01 2228859    /usr/lib/i386-linux-gnu/libXi.so.6.1.0
0044d000-0044e000 r--p 0000d000 08:01 2228859    /usr/lib/i386-linux-gnu/libXi.so.6.1.0
0044e000-0044f000 rw-p 0000e000 08:01 2228859    /usr/lib/i386-linux-gnu/libXi.so.6.1.0
0044f000-00454000 r-xp 00000000 08:01 2229703    /usr/lib/i386-linux-gnu/libXdmcp.so.6.0.0
00454000-00455000 r--p 00004000 08:01 2229703    /usr/lib/i386-linux-gnu/libXdmcp.so.6.0.0
00455000-00456000 rw-p 00005000 08:01 2229703    /usr/lib/i386-linux-gnu/libXdmcp.so.6.0.0
00456000-0045f000 r-xp 00000000 08:01 2228449    /usr/lib/jvm/java-6-openjdk-i386/jre/lib/i386/libsplashscreen.so
0045f000-00460000 r--p 00008000 08:01 2228449    /usr/lib/jvm/java-6-openjdk-i386/jre/lib/i386/libsplashscreen.so
00460000-00461000 rw-p 00009000 08:01 2228449    /usr/lib/jvm/java-6-openjdk-i386/jre/lib/i386/libsplashscreen.so
00461000-00463000 rw-p 00000000 00:00 0 
00463000-00465000 r-xp 00000000 08:01 2233019    /usr/lib/i386-linux-gnu/libXinerama.so.1.0.0
00465000-00466000 r--p 00001000 08:01 2233019    /usr/lib/i386-linux-gnu/libXinerama.so.1.0.0
00466000-00467000 rw-p 00002000 08:01 2233019    /usr/lib/i386-linux-gnu/libXinerama.so.1.0.0
00467000-00483000 r-xp 00000000 08:01 4203024    /lib/i386-linux-gnu/libgcc_s.so.1
00483000-00484000 r--p 0001b000 08:01 4203024    /lib/i386-linux-gnu/libgcc_s.so.1
00484000-00485000 rw-p 0001c000 08:01 4203024    /lib/i386-linux-gnu/libgcc_s.so.1
00485000-004d1000 r-xp 00000000 08:01 2228482    /usr/lib/jvm/java-6-openjdk-i386/jre/lib/i386/xawt/libmawt.so
004d1000-004d2000 r--p 0004b000 08:01 2228482    /usr/lib/jvm/java-6-openjdk-i386/jre/lib/i386/xawt/libmawt.so
004d2000-004d4000 rw-p 0004c000 08:01 2228482    /usr/lib/jvm/java-6-openjdk-i386/jre/lib/i386/xawt/libmawt.so
004d4000-004d5000 rw-p 00000000 00:00 0 
004d5000-004de000 r-xp 00000000 08:01 2229414    /usr/lib/i386-linux-gnu/libXcursor.so.1.0.2
004de000-004df000 r--p 00008000 08:01 2229414    /usr/lib/i386-linux-gnu/libXcursor.so.1.0.2
004df000-004e0000 rw-p 00009000 08:01 2229414    /usr/lib/i386-linux-gnu/libXcursor.so.1.0.2
004e0000-004e1000 r-xp 00000000 08:01 2621471    /usr/lib/i386-linux-gnu/gdk-pixbuf-2.0/2.10.0/loaders/libpixbufloader-svg.so
004e1000-004e2000 r--p 00000000 08:01 2621471    /usr/lib/i386-linux-gnu/gdk-pixbuf-2.0/2.10.0/loaders/libpixbufloader-svg.so
004e2000-004e3000 rw-p 00001000 08:01 2621471    /usr/lib/i386-linux-gnu/gdk-pixbuf-2.0/2.10.0/loaders/libpixbufloader-svg.so
004e3000-004ed000 r-xp 00000000 08:01 4201017    /lib/i386-linux-gnu/libnss_nis-2.15.so
004ed000-004ee000 r--p 00009000 08:01 4201017    /lib/i386-linux-gnu/libnss_nis-2.15.so
004ee000-004ef000 rw-p 0000a000 08:01 4201017    /lib/i386-linux-gnu/libnss_nis-2.15.so
004ef000-004f3000 r-xp 00000000 08:01 2229375    /usr/lib/i386-linux-gnu/libXfixes.so.3.1.0
004f3000-004f4000 r--p 00004000 08:01 2229375    /usr/lib/i386-linux-gnu/libXfixes.so.3.1.0
004f4000-004f5000 rw-p 00005000 08:01 2229375    /usr/lib/i386-linux-gnu/libXfixes.so.3.1.0
004f5000-004f7000 r-xp 00000000 08:01 2230495    /usr/lib/i386-linux-gnu/libXdamage.so.1.1.0
004f7000-004f8000 r--p 00001000 08:01 2230495    /usr/lib/i386-linux-gnu/libXdamage.so.1.1.0
004f8000-004f9000 rw-p 00002000 08:01 2230495    /usr/lib/i386-linux-gnu/libXdamage.so.1.1.0
004f9000-004fd000 r-xp 00000000 08:01 2505803    /usr/lib/jvm/java-6-openjdk-i386/jre/lib/i386/jli/libjli.so
004fd000-004fe000 r--p 00003000 08:01 2505803    /usr/lib/jvm/java-6-openjdk-i386/jre/lib/i386/jli/libjli.so
004fe000-004ff000 rw-p 00004000 08:01 2505803    /usr/lib/jvm/java-6-openjdk-i386/jre/lib/i386/jli/libjli.so
004ff000-0051e000 r-xp 00000000 08:01 2229711    /usr/lib/i386-linux-gnu/libxcb.so.1.1.0
0051e000-0051f000 r--p 0001f000 08:01 2229711    /usr/lib/i386-linux-gnu/libxcb.so.1.1.0
0051f000-00520000 rw-p 00020000 08:01 2229711    /usr/lib/i386-linux-gnu/libxcb.so.1.1.0
00520000-00548000 r-xp 00000000 08:01 4194330    /lib/i386-linux-gnu/libpng12.so.0.46.0
00548000-00549000 r--p 00027000 08:01 4194330    /lib/i386-linux-gnu/libpng12.so.0.46.0
00549000-0054a000 rw-p 00028000 08:01 4194330    /lib/i386-linux-gnu/libpng12.so.0.46.0
0054a000-0054c000 r-xp 00000000 08:01 2228710    /usr/lib/i386-linux-gnu/libxcb-shm.so.0.0.0
0054c000-0054d000 r--p 00001000 08:01 2228710    /usr/lib/i386-linux-gnu/libxcb-shm.so.0.0.0
0054d000-0054e000 rw-p 00002000 08:01 2228710    /usr/lib/i386-linux-gnu/libxcb-shm.so.0.0.0
0054f000-0055a000 r-xp 00000000 08:01 4201015    /lib/i386-linux-gnu/libnss_files-2.15.so
0055a000-0055b000 r--p 0000a000 08:01 4201015    /lib/i386-linux-gnu/libnss_files-2.15.so
0055b000-0055c000 rw-p 0000b000 08:01 4201015    /lib/i386-linux-gnu/libnss_files-2.15.so
0055c000-00566000 r-xp 00000000 08:01 2236568    /usr/lib/jvm/java-6-openjdk-i386/jre/lib/i386/libjpeg.so
00566000-00567000 r--p 00009000 08:01 2236568    /usr/lib/jvm/java-6-openjdk-i386/jre/lib/i386/libjpeg.so
00567000-00568000 rw-p 0000a000 08:01 2236568    /usr/lib/jvm/java-6-openjdk-i386/jre/lib/i386/libjpeg.so
00568000-0056b000 r-xp 00000000 08:01 2238106    /usr/lib/i386-linux-gnu/libgmodule-2.0.so.0.3200.3
0056b000-0056c000 r--p 00002000 08:01 2238106    /usr/lib/i386-linux-gnu/libgmodule-2.0.so.0.3200.3
0056c000-0056d000 rw-p 00003000 08:01 2238106    /usr/lib/i386-linux-gnu/libgmodule-2.0.so.0.3200.3
0056e000-00570000 r-xp 00000000 08:01 2228463    /usr/lib/i386-linux-gnu/libXau.so.6.0.0
00570000-00571000 r--p 00001000 08:01 2228463    /usr/lib/i386-linux-gnu/libXau.so.6.0.0
00571000-00572000 rw-p 00002000 08:01 2228463    /usr/lib/i386-linux-gnu/libXau.so.6.0.0
00572000-005a6000 r-xp 00000000 08:01 2236560    /usr/lib/jvm/java-6-openjdk-i386/jre/lib/i386/liblcms.so
005a6000-005a7000 r--p 00033000 08:01 2236560    /usr/lib/jvm/java-6-openjdk-i386/jre/lib/i386/liblcms.so
005a7000-005a8000 rw-p 00034000 08:01 2236560    /usr/lib/jvm/java-6-openjdk-i386/jre/lib/i386/liblcms.so
005a8000-005aa000 rw-p 00000000 00:00 0 
005aa000-005c7000 r-xp 00000000 08:01 2231418    /usr/lib/i386-linux-gnu/libatk-1.0.so.0.20409.1
005c7000-005c9000 r--p 0001c000 08:01 2231418    /usr/lib/i386-linux-gnu/libatk-1.0.so.0.20409.1
005c9000-005ca000 rw-p 0001e000 08:01 2231418    /usr/lib/i386-linux-gnu/libatk-1.0.so.0.20409.1
005ca000-005cc000 r-xp 00000000 08:01 2624010    /usr/lib/i386-linux-gnu/pango/1.6.0/modules/pango-basic-fc.so
005cc000-005cd000 r--p 00001000 08:01 2624010    /usr/lib/i386-linux-gnu/pango/1.6.0/modules/pango-basic-fc.so
005cd000-005ce000 rw-p 00002000 08:01 2624010    /usr/lib/i386-linux-gnu/pango/1.6.0/modules/pango-basic-fc.so
005cf000-005d7000 r-xp 00000000 08:01 2228512    /usr/lib/i386-linux-gnu/libgif.so.4.1.6
005d7000-005d8000 r--p 00007000 08:01 2228512    /usr/lib/i386-linux-gnu/libgif.so.4.1.6
005d8000-005d9000 rw-p 00008000 08:01 2228512    /usr/lib/i386-linux-gnu/libgif.so.4.1.6
005d9000-005f8000 r-xp 00000000 08:01 2236436    /usr/lib/i386-linux-gnu/libgdk_pixbuf-2.0.so.0.2600.1
005f8000-005f9000 r--p 0001e000 08:01 2236436    /usr/lib/i386-linux-gnu/libgdk_pixbuf-2.0.so.0.2600.1
005f9000-005fa000 rw-p 0001f000 08:01 2236436    /usr/lib/i386-linux-gnu/libgdk_pixbuf-2.0.so.0.2600.1
005fa000-00601000 r-xp 00000000 08:01 2230589    /usr/lib/i386-linux-gnu/libXrandr.so.2.2.0
00601000-00602000 r--p 00006000 08:01 2230589    /usr/lib/i386-linux-gnu/libXrandr.so.2.2.0
00602000-00603000 rw-p 00007000 08:01 2230589    /usr/lib/i386-linux-gnu/libXrandr.so.2.2.0
00608000-00628000 r-xp 00000000 08:01 4194967    /lib/i386-linux-gnu/ld-2.15.so
00628000-00629000 r--p 0001f000 08:01 4194967    /lib/i386-linux-gnu/ld-2.15.so
00629000-0062a000 rw-p 00020000 08:01 4194967    /lib/i386-linux-gnu/ld-2.15.so
0062a000-006bd000 r-xp 00000000 08:01 2236558    /usr/lib/jvm/java-6-openjdk-i386/jre/lib/i386/libawt.so
006bd000-006be000 r--p 00092000 08:01 2236558    /usr/lib/jvm/java-6-openjdk-i386/jre/lib/i386/libawt.so
006be000-006c5000 rw-p 00093000 08:01 2236558    /usr/lib/jvm/java-6-openjdk-i386/jre/lib/i386/libawt.so
006c5000-006e9000 rw-p 00000000 00:00 0 
006e9000-00713000 r-xp 00000000 08:01 2229540    /usr/lib/i386-linux-gnu/libpangoft2-1.0.so.0.3000.0
00713000-00714000 r--p 00029000 08:01 2229540    /usr/lib/i386-linux-gnu/libpangoft2-1.0.so.0.3000.0
00714000-00715000 rw-p 0002a000 08:01 2229540    /usr/lib/i386-linux-gnu/libpangoft2-1.0.so.0.3000.0
00715000-00747000 r-xp 00000000 08:01 2229168    /usr/lib/i386-linux-gnu/libfontconfig.so.1.4.4
00747000-00748000 r--p 00032000 08:01 2229168    /usr/lib/i386-linux-gnu/libfontconfig.so.1.4.4
00748000-00749000 rw-p 00033000 08:01 2229168    /usr/lib/i386-linux-gnu/libfontconfig.so.1.4.4
00749000-0074e000 r-xp 00000000 08:01 2229201    /usr/lib/i386-linux-gnu/libffi.so.6.0.0
0074e000-0074f000 r--p 00004000 08:01 2229201    /usr/lib/i386-linux-gnu/libffi.so.6.0.0
0074f000-00750000 rw-p 00005000 08:01 2229201    /usr/lib/i386-linux-gnu/libffi.so.6.0.0
00750000-00757000 r-xp 00000000 08:01 2490562    /usr/lib/i386-linux-gnu/gio/modules/libdconfsettings.so
00757000-00758000 r--p 00006000 08:01 2490562    /usr/lib/i386-linux-gnu/gio/modules/libdconfsettings.so
00758000-00759000 rw-p 00007000 08:01 2490562    /usr/lib/i386-linux-gnu/gio/modules/libdconfsettings.so
0075c000-00771000 r-xp 00000000 08:01 2236315    /usr/lib/jvm/java-6-openjdk-i386/jre/lib/i386/libnet.so
00771000-00772000 r--p 00014000 08:01 2236315    /usr/lib/jvm/java-6-openjdk-i386/jre/lib/i386/libnet.so
00772000-00773000 rw-p 00015000 08:01 2236315    /usr/lib/jvm/java-6-openjdk-i386/jre/lib/i386/libnet.so
00773000-00783000 r-xp 00000000 08:01 2232036    /usr/lib/liboverlay-scrollbar-0.2.so.0.0.16
00783000-00784000 r--p 0000f000 08:01 2232036    /usr/lib/liboverlay-scrollbar-0.2.so.0.0.16
00784000-00785000 rw-p 00010000 08:01 2232036    /usr/lib/liboverlay-scrollbar-0.2.so.0.0.16
00788000-00790000 r-xp 00000000 08:01 2228420    /usr/lib/i386-linux-gnu/libxcb-render.so.0.0.0
00790000-00791000 r--p 00008000 08:01 2228420    /usr/lib/i386-linux-gnu/libxcb-render.so.0.0.0
00791000-00792000 rw-p 00009000 08:01 2228420    /usr/lib/i386-linux-gnu/libxcb-render.so.0.0.0
00796000-00799000 r-xp 00000000 08:01 4201009    /lib/i386-linux-gnu/libdl-2.15.so
00799000-0079a000 r--p 00002000 08:01 4201009    /lib/i386-linux-gnu/libdl-2.15.so
0079a000-0079b000 rw-p 00003000 08:01 4201009    /lib/i386-linux-gnu/libdl-2.15.so
0079b000-007b8000 r-xp 00000000 08:01 4194502    /lib/i386-linux-gnu/libselinux.so.1
007b8000-007b9000 r--p 0001c000 08:01 4194502    /lib/i386-linux-gnu/libselinux.so.1
007b9000-007ba000 rw-p 0001d000 08:01 4194502    /lib/i386-linux-gnu/libselinux.so.1
007ba000-007bf000 r-xp 00000000 08:01 3539084    /usr/lib/i386-linux-gnu/gtk-2.0/modules/libcanberra-gtk-module.so
007bf000-007c0000 r--p 00004000 08:01 3539084    /usr/lib/i386-linux-gnu/gtk-2.0/modules/libcanberra-gtk-module.so
007c0000-007c1000 rw-p 00005000 08:01 3539084    /usr/lib/i386-linux-gnu/gtk-2.0/modules/libcanberra-gtk-module.so
007c1000-007c5000 r-xp 00000000 08:01 2229973    /usr/lib/i386-linux-gnu/libcanberra-gtk.so.0.1.8
007c5000-007c6000 r--p 00003000 08:01 2229973    /usr/lib/i386-linux-gnu/libcanberra-gtk.so.0.1.8
007c6000-007c7000 rw-p 00004000 08:01 2229973    /usr/lib/i386-linux-gnu/libcanberra-gtk.so.0.1.8
007c7000-007cc000 r-xp 00000000 08:01 2229455    /usr/lib/gtk-2.0/2.10.0/menuproxies/libappmenu.so
007cc000-007cd000 r--p 00004000 08:01 2229455    /usr/lib/gtk-2.0/2.10.0/menuproxies/libappmenu.so
007cd000-007ce000 rw-p 00005000 08:01 2229455    /usr/lib/gtk-2.0/2.10.0/menuproxies/libappmenu.so
007ce000-007d6000 r-xp 00000000 08:01 2236371    /usr/lib/jvm/java-6-openjdk-i386/jre/lib/i386/libnio.so
007d6000-007d7000 r--p 00007000 08:01 2236371    /usr/lib/jvm/java-6-openjdk-i386/jre/lib/i386/libnio.so
007d7000-007d8000 rw-p 00008000 08:01 2236371    /usr/lib/jvm/java-6-openjdk-i386/jre/lib/i386/libnio.so
007d8000-007e7000 r-xp 00000000 08:01 2235346    /usr/lib/i386-linux-gnu/libcanberra.so.0.2.5
007e7000-007e8000 r--p 0000e000 08:01 2235346    /usr/lib/i386-linux-gnu/libcanberra.so.0.2.5
007e8000-007e9000 rw-p 0000f000 08:01 2235346    /usr/lib/i386-linux-gnu/libcanberra.so.0.2.5
007ef000-007f1000 r-xp 00000000 08:01 4198609    /lib/libnss_mdns4_minimal.so.2
007f1000-007f2000 r--p 00001000 08:01 4198609    /lib/libnss_mdns4_minimal.so.2
007f2000-007f3000 rw-p 00002000 08:01 4198609    /lib/libnss_mdns4_minimal.so.2
007f3000-00923000 r-xp 00000000 08:01 2229060    /usr/lib/i386-linux-gnu/libX11.so.6.3.0
00923000-00924000 r--p 0012f000 08:01 2229060    /usr/lib/i386-linux-gnu/libX11.so.6.3.0
00924000-00926000 rw-p 00130000 08:01 2229060    /usr/lib/i386-linux-gnu/libX11.so.6.3.0
00926000-00927000 rw-p 00000000 00:00 0 
00927000-0092f000 r-xp 00000000 08:01 2229023    /usr/lib/i386-linux-gnu/libvorbisfile.so.3.3.4
0092f000-00930000 r--p 00007000 08:01 2229023    /usr/lib/i386-linux-gnu/libvorbisfile.so.3.3.4
00930000-00931000 rw-p 00008000 08:01 2229023    /usr/lib/i386-linux-gnu/libvorbisfile.so.3.3.4
00938000-00943000 r-xp 00000000 08:01 2247807    /usr/lib/jvm/java-6-openjdk-i386/jre/lib/i386/libverify.so
00943000-00944000 ---p 0000b000 08:01 2247807    /usr/lib/jvm/java-6-openjdk-i386/jre/lib/i386/libverify.so
00944000-00945000 r--p 0000b000 08:01 2247807    /usr/lib/jvm/java-6-openjdk-i386/jre/lib/i386/libverify.so
00945000-00946000 rw-p 0000c000 08:01 2247807    /usr/lib/jvm/java-6-openjdk-i386/jre/lib/i386/libverify.so
00946000-009db000 r-xp 00000000 08:01 2228278    /usr/lib/i386-linux-gnu/libfreetype.so.6.8.0
009db000-009df000 r--p 00094000 08:01 2228278    /usr/lib/i386-linux-gnu/libfreetype.so.6.8.0
009df000-009e0000 rw-p 00098000 08:01 2228278    /usr/lib/i386-linux-gnu/libfreetype.so.6.8.0
009e0000-009e8000 r-xp 00000000 08:01 2232400    /usr/lib/i386-linux-gnu/libltdl.so.7.3.0
009e8000-009e9000 r--p 00008000 08:01 2232400    /usr/lib/i386-linux-gnu/libltdl.so.7.3.0
009e9000-009ea000 rw-p 00009000 08:01 2232400    /usr/lib/i386-linux-gnu/libltdl.so.7.3.0
009ea000-009f0000 r-xp 00000000 08:01 2228697    /usr/lib/i386-linux-gnu/libogg.so.0.7.1
009f0000-009f1000 r--p 00005000 08:01 2228697    /usr/lib/i386-linux-gnu/libogg.so.0.7.1
009f1000-009f2000 rw-p 00006000 08:01 2228697    /usr/lib/i386-linux-gnu/libogg.so.0.7.1
009f2000-00a37000 r-xp 00000000 08:01 2232494    /usr/lib/i386-linux-gnu/libjpeg.so.8.0.2
00a37000-00a38000 r--p 00044000 08:01 2232494    /usr/lib/i386-linux-gnu/libjpeg.so.8.0.2
00a38000-00a39000 rw-p 00045000 08:01 2232494    /usr/lib/i386-linux-gnu/libjpeg.so.8.0.2
00a39000-00a49000 rw-p 00000000 00:00 0 
00a4d000-00a73000 r-xp 00000000 08:01 2234915    /usr/lib/jvm/java-6-openjdk-i386/jre/lib/i386/libjava.so
00a73000-00a74000 r--p 00025000 08:01 2234915    /usr/lib/jvm/java-6-openjdk-i386/jre/lib/i386/libjava.so
00a74000-00a76000 rw-p 00026000 08:01 2234915    /usr/lib/jvm/java-6-openjdk-i386/jre/lib/i386/libjava.so
00a7d000-00a88000 r-xp 00000000 08:01 2229107    /usr/lib/i386-linux-gnu/libpangocairo-1.0.so.0.3000.0
00a88000-00a89000 r--p 0000a000 08:01 2229107    /usr/lib/i386-linux-gnu/libpangocairo-1.0.so.0.3000.0
00a89000-00a8a000 rw-p 0000b000 08:01 2229107    /usr/lib/i386-linux-gnu/libpangocairo-1.0.so.0.3000.0
00a8a000-00ab0000 r-xp 00000000 08:01 4199205    /lib/i386-linux-gnu/libexpat.so.1.5.2
00ab0000-00ab1000 ---p 00026000 08:01 4199205    /lib/i386-linux-gnu/libexpat.so.1.5.2
00ab1000-00ab3000 r--p 00026000 08:01 4199205    /lib/i386-linux-gnu/libexpat.so.1.5.2
00ab3000-00ab4000 rw-p 00028000 08:01 4199205    /lib/i386-linux-gnu/libexpat.so.1.5.2
00ab4000-00ac5000 r-xp 00000000 08:01 2231905    /usr/lib/i386-linux-gnu/libtdb.so.1.2.9
00ac5000-00ac6000 r--p 00010000 08:01 2231905    /usr/lib/i386-linux-gnu/libtdb.so.1.2.9
00ac6000-00ac7000 rw-p 00011000 08:01 2231905    /usr/lib/i386-linux-gnu/libtdb.so.1.2.9
00ac7000-00acd000 r-xp 00000000 08:01 3539021    /usr/lib/i386-linux-gnu/gtk-2.0/2.10.0/immodules/im-ibus.so
00acd000-00ace000 r--p 00005000 08:01 3539021    /usr/lib/i386-linux-gnu/gtk-2.0/2.10.0/immodules/im-ibus.so
00ace000-00acf000 rw-p 00006000 08:01 3539021    /usr/lib/i386-linux-gnu/gtk-2.0/2.10.0/immodules/im-ibus.so
00ad2000-00b0c000 r-xp 00000000 08:01 2236564    /usr/lib/jvm/java-6-openjdk-i386/jre/lib/i386/libfontmanager.so
00b0c000-00b0d000 r--p 00039000 08:01 2236564    /usr/lib/jvm/java-6-openjdk-i386/jre/lib/i386/libfontmanager.so
00b0d000-00b0e000 rw-p 0003a000 08:01 2236564    /usr/lib/jvm/java-6-openjdk-i386/jre/lib/i386/libfontmanager.so
00b0e000-00b1c000 r-xp 00000000 08:01 4194917    /lib/i386-linux-gnu/libudev.so.0.13.0
00b1c000-00b1d000 r--p 0000e000 08:01 4194917    /lib/i386-linux-gnu/libudev.so.0.13.0
00b1d000-00b1e000 rw-p 0000f000 08:01 4194917    /lib/i386-linux-gnu/libudev.so.0.13.0
00b21000-00b22000 r-xp 00000000 00:00 0          [vdso]
00b22000-00b4b000 r-xp 00000000 08:01 2229181    /usr/lib/i386-linux-gnu/libvorbis.so.0.4.5
00b4b000-00b4c000 r--p 00028000 08:01 2229181    /usr/lib/i386-linux-gnu/libvorbis.so.0.4.5
00b4c000-00b4d000 rw-p 00029000 08:01 2229181    /usr/lib/i386-linux-gnu/libvorbis.so.0.4.5
00b54000-00b56000 r-xp 00000000 08:01 2230697    /usr/lib/i386-linux-gnu/libXcomposite.so.1.0.0
00b56000-00b57000 r--p 00001000 08:01 2230697    /usr/lib/i386-linux-gnu/libXcomposite.so.1.0.0
00b57000-00b58000 rw-p 00002000 08:01 2230697    /usr/lib/i386-linux-gnu/libXcomposite.so.1.0.0
00b58000-00b5f000 r-xp 00000000 08:01 2236377    /usr/lib/jvm/java-6-openjdk-i386/jre/lib/i386/libmanagement.so
00b5f000-00b60000 r--p 00006000 08:01 2236377    /usr/lib/jvm/java-6-openjdk-i386/jre/lib/i386/libmanagement.so
00b60000-00b61000 rw-p 00007000 08:01 2236377    /usr/lib/jvm/java-6-openjdk-i386/jre/lib/i386/libmanagement.so
00b64000-00b77000 r-xp 00000000 08:01 4201022    /lib/i386-linux-gnu/libresolv-2.15.so
00b77000-00b78000 ---p 00013000 08:01 4201022    /lib/i386-linux-gnu/libresolv-2.15.so
00b78000-00b79000 r--p 00013000 08:01 4201022    /lib/i386-linux-gnu/libresolv-2.15.so
00b79000-00b7a000 rw-p 00014000 08:01 4201022    /lib/i386-linux-gnu/libresolv-2.15.so
00b7a000-00b7c000 rw-p 00000000 00:00 0 
00b7c000-00ba5000 r-xp 00000000 08:01 2490463    /usr/lib/i386-linux-gnu/gio/modules/libgvfsdbus.so
00ba5000-00ba6000 r--p 00028000 08:01 2490463    /usr/lib/i386-linux-gnu/gio/modules/libgvfsdbus.so
00ba6000-00ba7000 rw-p 00029000 08:01 2490463    /usr/lib/i386-linux-gnu/gio/modules/libgvfsdbus.so
00baa000-00bc1000 r-xp 00000000 08:01 4201021    /lib/i386-linux-gnu/libpthread-2.15.so
00bc1000-00bc2000 r--p 00016000 08:01 4201021    /lib/i386-linux-gnu/libpthread-2.15.so
00bc2000-00bc3000 rw-p 00017000 08:01 4201021    /lib/i386-linux-gnu/libpthread-2.15.so
00bc3000-00bc5000 rw-p 00000000 00:00 0 
00bc5000-010d8000 r-xp 00000000 08:01 2505801    /usr/lib/jvm/java-6-openjdk-i386/jre/lib/i386/client/libjvm.so
010d8000-010ef000 r--p 00512000 08:01 2505801    /usr/lib/jvm/java-6-openjdk-i386/jre/lib/i386/client/libjvm.so
010ef000-010fc000 rw-p 00529000 08:01 2505801    /usr/lib/jvm/java-6-openjdk-i386/jre/lib/i386/client/libjvm.so
010fc000-01514000 rw-p 00000000 00:00 0 
01a7f000-01edf000 r-xp 00000000 08:01 2229425    /usr/lib/i386-linux-gnu/libgtk-x11-2.0.so.0.2400.10
01edf000-01ee3000 r--p 00460000 08:01 2229425    /usr/lib/i386-linux-gnu/libgtk-x11-2.0.so.0.2400.10
01ee3000-01ee5000 rw-p 00464000 08:01 2229425    /usr/lib/i386-linux-gnu/libgtk-x11-2.0.so.0.2400.10
01ee5000-01ee7000 rw-p 00000000 00:00 0 
021b9000-022b0000 r-xp 00000000 08:01 4194324    /lib/i386-linux-gnu/libglib-2.0.so.0.3200.3
022b0000-022b1000 r--p 000f6000 08:01 4194324    /lib/i386-linux-gnu/libglib-2.0.so.0.3200.3
022b1000-022b2000 rw-p 000f7000 08:01 4194324    /lib/i386-linux-gnu/libglib-2.0.so.0.3200.3
02eaa000-02ef7000 r-xp 00000000 08:01 2238107    /usr/lib/i386-linux-gnu/libgobject-2.0.so.0.3200.3
02ef7000-02ef8000 r--p 0004c000 08:01 2238107    /usr/lib/i386-linux-gnu/libgobject-2.0.so.0.3200.3
02ef8000-02ef9000 rw-p 0004d000 08:01 2238107    /usr/lib/i386-linux-gnu/libgobject-2.0.so.0.3200.3
03b48000-03c11000 r-xp 00000000 08:01 2236316    /usr/lib/jvm/java-6-openjdk-i386/jre/lib/i386/libmlib_image.so
03c11000-03c12000 r--p 000c8000 08:01 2236316    /usr/lib/jvm/java-6-openjdk-i386/jre/lib/i386/libmlib_image.so
03c12000-03c13000 rw-p 000c9000 08:01 2236316    /usr/lib/jvm/java-6-openjdk-i386/jre/lib/i386/libmlib_image.so
03e83000-03f16000 r-xp 00000000 08:01 2228707    /usr/lib/i386-linux-gnu/libpixman-1.so.0.24.4
03f16000-03f1a000 r--p 00092000 08:01 2228707    /usr/lib/i386-linux-gnu/libpixman-1.so.0.24.4
03f1a000-03f1b000 rw-p 00096000 08:01 2228707    /usr/lib/i386-linux-gnu/libpixman-1.so.0.24.4
0448e000-044a8000 r-xp 00000000 08:01 2238609    /usr/lib/i386-linux-gnu/libdbusmenu-glib.so.4.0.13
044a8000-044a9000 r--p 00019000 08:01 2238609    /usr/lib/i386-linux-gnu/libdbusmenu-glib.so.4.0.13
044a9000-044aa000 rw-p 0001a000 08:01 2238609    /usr/lib/i386-linux-gnu/libdbusmenu-glib.so.4.0.13
04945000-0497d000 r-xp 00000000 08:01 2232607    /usr/lib/i386-linux-gnu/libcroco-0.6.so.3.0.1
0497d000-0497e000 ---p 00038000 08:01 2232607    /usr/lib/i386-linux-gnu/libcroco-0.6.so.3.0.1
0497e000-04980000 r--p 00038000 08:01 2232607    /usr/lib/i386-linux-gnu/libcroco-0.6.so.3.0.1
04980000-04981000 rw-p 0003a000 08:01 2232607    /usr/lib/i386-linux-gnu/libcroco-0.6.so.3.0.1
04ee0000-04f1a000 r-xp 00000000 08:01 4194547    /lib/i386-linux-gnu/libpcre.so.3.12.1
04f1a000-04f1b000 r--p 00039000 08:01 4194547    /lib/i386-linux-gnu/libpcre.so.3.12.1
04f1b000-04f1c000 rw-p 0003a000 08:01 4194547    /lib/i386-linux-gnu/libpcre.so.3.12.1
05016000-050c1000 r-xp 00000000 08:01 2234822    /usr/lib/i386-linux-gnu/libgdk-x11-2.0.so.0.2400.10
050c1000-050c2000 ---p 000ab000 08:01 2234822    /usr/lib/i386-linux-gnu/libgdk-x11-2.0.so.0.2400.10
050c2000-050c4000 r--p 000ab000 08:01 2234822    /usr/lib/i386-linux-gnu/libgdk-x11-2.0.so.0.2400.10
050c4000-050c5000 rw-p 000ad000 08:01 2234822    /usr/lib/i386-linux-gnu/libgdk-x11-2.0.so.0.2400.10
05832000-05843000 r-xp 00000000 08:01 2231089    /usr/lib/i386-linux-gnu/libdbusmenu-gtk.so.4.0.13
05843000-05844000 r--p 00010000 08:01 2231089    /usr/lib/i386-linux-gnu/libdbusmenu-gtk.so.4.0.13
05844000-05845000 rw-p 00011000 08:01 2231089    /usr/lib/i386-linux-gnu/libdbusmenu-gtk.so.4.0.13
059d8000-05a0f000 r-xp 00000000 08:01 2230357    /usr/lib/i386-linux-gnu/librsvg-2.so.2.36.1
05a0f000-05a10000 r--p 00036000 08:01 2230357    /usr/lib/i386-linux-gnu/librsvg-2.so.2.36.1
05a10000-05a11000 rw-p 00037000 08:01 2230357    /usr/lib/i386-linux-gnu/librsvg-2.so.2.36.1
05a1a000-05a4f000 r-xp 00000000 08:01 3539895    /usr/lib/i386-linux-gnu/gtk-2.0/2.10.0/engines/libmurrine.so
05a4f000-05a50000 r--p 00034000 08:01 3539895    /usr/lib/i386-linux-gnu/gtk-2.0/2.10.0/engines/libmurrine.so
05a50000-05a51000 rw-p 00035000 08:01 3539895    /usr/lib/i386-linux-gnu/gtk-2.0/2.10.0/engines/libmurrine.so
06650000-06665000 r-xp 00000000 08:01 2231749    /usr/lib/i386-linux-gnu/gvfs/libgvfscommon.so
06665000-06666000 r--p 00014000 08:01 2231749    /usr/lib/i386-linux-gnu/gvfs/libgvfscommon.so
06666000-06667000 rw-p 00015000 08:01 2231749    /usr/lib/i386-linux-gnu/gvfs/libgvfscommon.so
06736000-0677a000 r-xp 00000000 08:01 2231316    /usr/lib/i386-linux-gnu/libibus-1.0.so.0.401.0
0677a000-0677b000 r--p 00043000 08:01 2231316    /usr/lib/i386-linux-gnu/libibus-1.0.so.0.401.0
0677b000-0677c000 rw-p 00044000 08:01 2231316    /usr/lib/i386-linux-gnu/libibus-1.0.so.0.401.0
07122000-07275000 r-xp 00000000 08:01 2238105    /usr/lib/i386-linux-gnu/libgio-2.0.so.0.3200.3
07275000-07277000 r--p 00153000 08:01 2238105    /usr/lib/i386-linux-gnu/libgio-2.0.so.0.3200.3
07277000-07278000 rw-p 00155000 08:01 2238105    /usr/lib/i386-linux-gnu/libgio-2.0.so.0.3200.3
07278000-07279000 rw-p 00000000 00:00 0 
07646000-0768d000 r-xp 00000000 08:01 4194444    /lib/i386-linux-gnu/libdbus-1.so.3.5.8
0768d000-0768e000 r--p 00046000 08:01 4194444    /lib/i386-linux-gnu/libdbus-1.so.3.5.8
0768e000-0768f000 rw-p 00047000 08:01 4194444    /lib/i386-linux-gnu/libdbus-1.so.3.5.8
07978000-07a3f000 r-xp 00000000 08:01 2231567    /usr/lib/i386-linux-gnu/libcairo.so.2.11000.2
07a3f000-07a40000 r--p 000c7000 08:01 2231567    /usr/lib/i386-linux-gnu/libcairo.so.2.11000.2
07a40000-07a41000 rw-p 000c8000 08:01 2231567    /usr/lib/i386-linux-gnu/libcairo.so.2.11000.2
07a41000-07a43000 rw-p 00000000 00:00 0 
07c38000-07d7f000 r-xp 00000000 08:01 2228574    /usr/lib/i386-linux-gnu/libxml2.so.2.7.8
07d7f000-07d83000 r--p 00147000 08:01 2228574    /usr/lib/i386-linux-gnu/libxml2.so.2.7.8
07d83000-07d84000 rw-p 0014b000 08:01 2228574    /usr/lib/i386-linux-gnu/libxml2.so.2.7.8
07d84000-07d85000 rw-p 00000000 00:00 0 
07ebc000-07ecf000 r-xp 00000000 08:01 3158700    /tmp/jna2017580794527739810.tmp
07ecf000-07ed0000 rw-p 00013000 08:01 3158700    /tmp/jna2017580794527739810.tmp
08048000-08051000 r-xp 00000000 08:01 2361688    /usr/lib/jvm/java-6-openjdk-i386/jre/bin/java
08051000-08052000 r--p 00008000 08:01 2361688    /usr/lib/jvm/java-6-openjdk-i386/jre/bin/java
08052000-08053000 rw-p 00009000 08:01 2361688    /usr/lib/jvm/java-6-openjdk-i386/jre/bin/java
088fc000-08943000 r-xp 00000000 08:01 2229064    /usr/lib/i386-linux-gnu/libpango-1.0.so.0.3000.0
08943000-08944000 ---p 00047000 08:01 2229064    /usr/lib/i386-linux-gnu/libpango-1.0.so.0.3000.0
08944000-08945000 r--p 00047000 08:01 2229064    /usr/lib/i386-linux-gnu/libpango-1.0.so.0.3000.0
08945000-08946000 rw-p 00048000 08:01 2229064    /usr/lib/i386-linux-gnu/libpango-1.0.so.0.3000.0
0969e000-09704000 rw-p 00000000 00:00 0          [heap]
55d80000-56ee0000 rw-p 00000000 00:00 0 
56ee0000-62620000 rw-p 00000000 00:00 0 
62620000-648bf000 rw-p 00000000 00:00 0 
648bf000-7b780000 rw-p 00000000 00:00 0 
7b780000-7d780000 rw-p 00000000 00:00 0 
7d780000-93780000 rw-p 00000000 00:00 0 
93780000-93ee1000 r--s 00001000 08:01 2490536    /usr/lib/jvm/java-6-openjdk-i386/jre/lib/i386/client/classes.jsa
93ee1000-94180000 rw-p 00000000 00:00 0 
94180000-948cb000 rw-p 00762000 08:01 2490536    /usr/lib/jvm/java-6-openjdk-i386/jre/lib/i386/client/classes.jsa
948cb000-94d80000 rw-p 00000000 00:00 0 
94d80000-94e7c000 rw-p 00ead000 08:01 2490536    /usr/lib/jvm/java-6-openjdk-i386/jre/lib/i386/client/classes.jsa
94e7c000-95180000 rw-p 00000000 00:00 0 
95180000-95188000 r-xs 00fa9000 08:01 2490536    /usr/lib/jvm/java-6-openjdk-i386/jre/lib/i386/client/classes.jsa
95188000-95580000 rw-p 00000000 00:00 0 
a7d85000-a7d88000 ---p 00000000 00:00 0 
a7d88000-a7f86000 rw-p 00000000 00:00 0 
a7f86000-a7f88000 r--s 0000b000 08:01 7475600    /home/test/.netbeans/7.1/modules/locale/org-netbeans-modules-git_zh_CN.jar
a7f88000-a7f9a000 r--s 001f3000 08:01 7352547    /home/test/.netbeans/7.1/modules/org-netbeans-modules-git.jar
a7f9a000-a7f9d000 r--s 00011000 08:01 7485878    /home/test/.netbeans/7.1/modules/locale/org-netbeans-modules-php-project_zh_CN.jar
a7fff000-a8000000 r--s 00002000 08:01 2364076    /usr/local/netbeans-7.1/php/modules/locale/org-netbeans-modules-php-smarty_zh_CN.jar
a8000000-a8004000 r--s 0006a000 08:01 2364140    /usr/local/netbeans-7.1/php/modules/org-netbeans-modules-php-smarty.jar
a8004000-a8005000 r--s 00000000 08:01 2362259    /usr/local/netbeans-7.1/ide/modules/locale/org-netbeans-modules-editor-completion_zh_CN.jar
a8005000-a8006000 r--s 00002000 08:01 2364095    /usr/local/netbeans-7.1/php/modules/locale/org-netbeans-modules-php-zend_zh_CN.jar
a8006000-a8008000 r--s 00021000 08:01 2364150    /usr/local/netbeans-7.1/php/modules/org-netbeans-modules-php-zend.jar
a8008000-a800a000 r--s 00002000 08:01 2364070    /usr/local/netbeans-7.1/php/modules/locale/org-netbeans-modules-php-symfony_zh_CN.jar
a800a000-a800d000 r--s 00034000 08:01 2364133    /usr/local/netbeans-7.1/php/modules/org-netbeans-modules-php-symfony.jar
a800d000-a800e000 r--s 00000000 08:01 2237805    /usr/local/netbeans-7.1/nb/modules/locale/org-netbeans-modules-autoupdate-pluginimporter_zh_CN.jar
a800e000-a8010000 r--s 00018000 08:01 2240159    /usr/local/netbeans-7.1/nb/modules/org-netbeans-modules-autoupdate-pluginimporter.jar
a8010000-a8013000 r--s 00042000 08:01 2363005    /usr/local/netbeans-7.1/ide/modules/org-netbeans-modules-editor-completion.jar
a8013000-a8017000 r--s 00029000 08:01 2363992    /usr/local/netbeans-7.1/ide/modules/com-jcraft-jsch.jar
a8017000-a8018000 r--s 00001000 08:01 2240203    /usr/local/netbeans-7.1/nb/modules/locale/org-netbeans-modules-uihandler_zh_CN.jar
a8018000-a8019000 r--s 00000000 08:01 2362479    /usr/local/netbeans-7.1/ide/modules/locale/org-netbeans-modules-web-common_zh_CN.jar
a8019000-a801b000 r--s 00013000 08:01 2363569    /usr/local/netbeans-7.1/ide/modules/org-netbeans-modules-web-common.jar
a801b000-a801c000 r--s 00002000 08:01 2364054    /usr/local/netbeans-7.1/php/modules/locale/org-netbeans-modules-php-api-phpmodule_zh_CN.jar
a801c000-a8020000 r--s 00038000 08:01 2364113    /usr/local/netbeans-7.1/php/modules/org-netbeans-modules-php-api-phpmodule.jar
a8020000-a8024000 rw-s 00000000 00:04 327689     /SYSV00000000 (deleted)
a8024000-a803a000 r--s 0012f000 08:01 2363984    /usr/local/netbeans-7.1/ide/modules/org-eclipse-jgit.jar
a803a000-a803c000 r--s 00012000 08:01 2240297    /usr/local/netbeans-7.1/nb/modules/org-netbeans-lib-uihandler.jar
a803c000-a8040000 r--s 000e3000 08:01 2237400    /usr/local/netbeans-7.1/platform/modules/ext/jna-3.2.7.jar
a8040000-a8041000 r--s 00000000 08:01 2237090    /usr/local/netbeans-7.1/platform/modules/locale/org-netbeans-libs-jna_zh_CN.jar
a8041000-a8043000 r--s 00000000 08:01 2237315    /usr/local/netbeans-7.1/platform/modules/org-netbeans-libs-jna.jar
a8043000-a804c000 r--s 000ba000 08:01 7485917    /home/test/.netbeans/7.1/modules/ext/platform-3.2.7.jar
a804c000-a804d000 r--s 00000000 08:01 7485914    /home/test/.netbeans/7.1/modules/locale/org-netbeans-core-nativeaccess_zh_CN.jar
a804d000-a8051000 r--s 00046000 08:01 2363484    /usr/local/netbeans-7.1/ide/modules/org-netbeans-modules-projectuiapi.jar
a8051000-a8052000 r--s 00001000 08:01 7352613    /home/test/.netbeans/7.1/modules/org-netbeans-core-nativeaccess.jar
a8052000-a8053000 r--s 00000000 08:01 2362264    /usr/local/netbeans-7.1/ide/modules/locale/org-netbeans-modules-gsf-codecoverage_zh_CN.jar
a8053000-a8056000 r--s 00015000 08:01 2363996    /usr/local/netbeans-7.1/ide/modules/ext/ini4j-0.5.1.jar
a8056000-a8057000 r--s 00000000 08:01 2363301    /usr/local/netbeans-7.1/ide/modules/locale/org-netbeans-libs-ini4j_zh_CN.jar
a8057000-a8058000 r--s 00000000 08:01 2363868    /usr/local/netbeans-7.1/ide/modules/org-netbeans-libs-ini4j.jar
a8058000-a805b000 ---p 00000000 00:00 0 
a805b000-a8259000 rw-p 00000000 00:00 0 
a8259000-a825a000 r--s 00001000 08:01 7485930    /home/test/.netbeans/7.1/modules/locale/org-netbeans-modules-parsing-api_zh_CN.jar
a825a000-a825c000 r--s 0001e000 08:01 2363200    /usr/local/netbeans-7.1/ide/modules/org-netbeans-modules-gsf-codecoverage.jar
a825c000-a825d000 r--s 00001000 08:01 7485853    /home/test/.netbeans/7.1/modules/locale/org-netbeans-libs-git_zh_CN.jar
a825d000-a8262000 r--s 0006c000 08:01 7352600    /home/test/.netbeans/7.1/modules/org-netbeans-libs-git.jar
a8262000-a8265000 ---p 00000000 00:00 0 
a8265000-a8463000 rw-p 00000000 00:00 0 
a8463000-a8467000 r--s 0004b000 08:01 2363150    /usr/local/netbeans-7.1/ide/modules/org-netbeans-modules-project-libraries.jar
a8467000-a8468000 r--s 00001000 08:01 7485830    /home/test/.netbeans/7.1/modules/locale/org-netbeans-modules-welcome_zh_CN.jar
a8468000-a8469000 r--s 00001000 08:01 2363236    /usr/local/netbeans-7.1/ide/modules/locale/org-netbeans-spi-palette_zh_CN.jar
a8469000-a8472000 rw-s 00000000 00:04 294920     /SYSV00000000 (deleted)
a8472000-a8475000 r--s 0000e000 08:01 2363532    /usr/local/netbeans-7.1/ide/modules/ext/svnClientAdapter-main-1.6.13.jar
a8475000-a8476000 r--s 00000000 08:01 2362349    /usr/local/netbeans-7.1/ide/modules/locale/org-netbeans-libs-svnClientAdapter_zh_CN.jar
a8476000-a8478000 r--s 00001000 08:01 2363429    /usr/local/netbeans-7.1/ide/modules/org-netbeans-libs-svnClientAdapter.jar
a8478000-a8479000 r--s 00000000 08:01 2362436    /usr/local/netbeans-7.1/ide/modules/locale/org-netbeans-modules-editor-fold_zh_CN.jar
a8479000-a847b000 r--s 00025000 08:01 2363531    /usr/local/netbeans-7.1/ide/modules/org-netbeans-modules-editor-fold.jar
a847b000-a847c000 r--s 00000000 08:01 7485766    /home/test/.netbeans/7.1/modules/locale/org-netbeans-modules-versioning-system-cvss-installer_zh_CN.jar
a847c000-a847e000 r--s 00007000 08:01 7352588    /home/test/.netbeans/7.1/modules/org-netbeans-modules-versioning-system-cvss-installer.jar
a847e000-a8482000 r--s 0001c000 08:01 7352624    /home/test/.netbeans/7.1/modules/docs/org-netbeans-modules-subversion.jar
a8482000-a8485000 r--s 0000e000 08:01 7485965    /home/test/.netbeans/7.1/modules/locale/org-netbeans-modules-subversion_zh_CN.jar
a8485000-a848b000 r--s 000a5000 08:01 2363523    /usr/local/netbeans-7.1/ide/modules/org-netbeans-modules-project-ant.jar
a848b000-a848c000 r--s 00000000 08:01 2362485    /usr/local/netbeans-7.1/ide/modules/locale/org-netbeans-modules-projectapi_zh_CN.jar
a848c000-a848f000 r--s 00010000 08:01 7352606    /home/test/.netbeans/7.1/modules/docs/org-netbeans-modules-mercurial.jar
a848f000-a8491000 r--s 00010000 08:01 7485883    /home/test/.netbeans/7.1/modules/locale/org-netbeans-modules-mercurial_zh_CN.jar
a8491000-a84a3000 r--s 0022f000 08:01 7352607    /home/test/.netbeans/7.1/modules/org-netbeans-modules-mercurial.jar
a84a3000-a8501000 rw-s 00000000 00:04 262151     /SYSV00000000 (deleted)
a8501000-a8505000 r--s 00040000 08:01 2363582    /usr/local/netbeans-7.1/ide/modules/org-netbeans-modules-projectapi.jar
a8505000-a8507000 r--s 00014000 08:01 7352473    /home/test/.netbeans/7.1/modules/docs/org-netbeans-modules-git.jar
a8507000-a8567000 rw-s 00000000 00:04 229382     /SYSV00000000 (deleted)
a8567000-a8a00000 rw-s 00000000 00:04 196613     /SYSV00000000 (deleted)
a8a00000-a8ac7000 rw-p 00000000 00:00 0 
a8ac7000-a8b00000 ---p 00000000 00:00 0 
a8b00000-a8b17000 r--s 00274000 08:01 7352605    /home/test/.netbeans/7.1/modules/org-netbeans-modules-php-project.jar
a8b17000-a8b19000 r--s 00001000 08:01 2362222    /usr/local/netbeans-7.1/ide/modules/locale/org-netbeans-modules-javascript-editing_zh_CN.jar
a8b19000-a8b1f000 r--s 000da000 08:01 2362842    /usr/local/netbeans-7.1/ide/modules/org-netbeans-modules-javascript-editing.jar
a8b1f000-a8b21000 r--s 00003000 08:01 7485788    /home/test/.netbeans/7.1/modules/locale/org-netbeans-modules-csl-api_zh_CN.jar
a8b21000-a8b2e000 r--s 00125000 08:01 7352592    /home/test/.netbeans/7.1/modules/org-netbeans-modules-csl-api.jar
a8b2e000-a8b2f000 r--s 00001000 08:01 2362408    /usr/local/netbeans-7.1/ide/modules/locale/org-netbeans-modules-localhistory_zh_CN.jar
a8b2f000-a8b31000 r--s 00004000 08:01 2362431    /usr/local/netbeans-7.1/ide/modules/locale/org-netbeans-modules-bugtracking_zh_CN.jar
a8b31000-a8b33000 r--s 00002000 08:01 2362811    /usr/local/netbeans-7.1/ide/modules/locale/org-netbeans-modules-hudson_zh_CN.jar
a8b33000-a8b3a000 r--s 00087000 08:01 2363739    /usr/local/netbeans-7.1/ide/modules/org-netbeans-modules-hudson.jar
a8b3a000-a8b3c000 r--s 0001f000 08:01 7352594    /home/test/.netbeans/7.1/modules/org-netbeans-api-java-classpath.jar
a8b3c000-a8b3d000 r--s 00002000 08:01 2240063    /usr/local/netbeans-7.1/websvccommon/modules/locale/org-netbeans-modules-websvc-saas-ui_zh_CN.jar
a8b3d000-a8b40000 r--s 00030000 08:01 2240183    /usr/local/netbeans-7.1/websvccommon/modules/org-netbeans-modules-websvc-saas-ui.jar
a8b40000-a8b44000 r--s 00078000 08:01 2363577    /usr/local/netbeans-7.1/ide/modules/org-netbeans-modules-versioning.jar
a8b44000-a8b46000 r--s 0000a000 08:01 2237213    /usr/local/netbeans-7.1/platform/modules/org-netbeans-modules-queries.jar
a8b46000-a8b49000 r--s 0004d000 08:01 2364027    /usr/local/netbeans-7.1/ide/modules/ext/ddl.jar
a8b49000-a8b4a000 r--s 00001000 08:01 2363926    /usr/local/netbeans-7.1/ide/modules/ext/locale/ddl_zh_CN.jar
a8b4a000-a8b53000 r--s 00104000 08:01 7352616    /home/test/.netbeans/7.1/modules/org-netbeans-modules-parsing-api.jar
a8b53000-a8b55000 r--s 00005000 08:01 2363283    /usr/local/netbeans-7.1/ide/modules/locale/org-netbeans-modules-db_zh_CN.jar
a8b55000-a8b65000 r--s 0018d000 08:01 2363861    /usr/local/netbeans-7.1/ide/modules/org-netbeans-modules-db.jar
a8b65000-a8b6b000 r--s 00078000 08:01 7352591    /home/test/.netbeans/7.1/modules/org-netbeans-modules-masterfs.jar
a8b6b000-a8b6c000 r--s 00003000 08:01 2362567    /usr/local/netbeans-7.1/ide/modules/locale/org-netbeans-modules-projectui_zh_CN.jar
a8b6c000-a8b6e000 r--s 0000f000 08:01 2363961    /usr/local/netbeans-7.1/ide/modules/org-openidex-util.jar
a8b6e000-a8b77000 r--s 0007d000 08:01 2237371    /usr/local/netbeans-7.1/platform/modules/ext/jhall-2.0_05.jar
a8b77000-a8b79000 r--s 00001000 08:01 2236642    /usr/local/netbeans-7.1/platform/modules/locale/org-netbeans-modules-javahelp_zh_CN.jar
a8b79000-a8b7c000 r--s 0002d000 08:01 2237198    /usr/local/netbeans-7.1/platform/modules/org-netbeans-modules-javahelp.jar
a8b7c000-a8b7e000 r--s 00001000 08:01 2232975    /usr/local/netbeans-7.1/platform/modules/locale/org-netbeans-modules-options-api_zh_CN.jar
a8b7e000-a8b7f000 r--s 00000000 08:01 2240133    /usr/local/netbeans-7.1/nb/modules/locale/org-netbeans-modules-options-api_nb_zh_CN.jar
a8b7f000-a8b80000 r--s 00000000 08:01 2240205    /usr/local/netbeans-7.1/nb/modules/locale/org-netbeans-modules-options-api_nb.jar
a8b80000-a8b84000 r--s 00062000 08:01 2237120    /usr/local/netbeans-7.1/platform/modules/org-netbeans-modules-options-api.jar
a8b84000-a8b86000 r--s 00001000 08:01 2362801    /usr/local/netbeans-7.1/ide/modules/locale/org-netbeans-modules-jumpto_zh_CN.jar
a8b86000-a8b8b000 r--s 00057000 08:01 2363732    /usr/local/netbeans-7.1/ide/modules/org-netbeans-modules-jumpto.jar
a8b8b000-a8b8c000 r--s 00000000 08:01 2231142    /usr/local/netbeans-7.1/platform/modules/locale/org-netbeans-modules-options-keymap_zh_CN.jar
a8b8c000-a8b90000 r--s 0004c000 08:01 2237072    /usr/local/netbeans-7.1/platform/modules/org-netbeans-modules-options-keymap.jar
a8b90000-a8b91000 r--s 00000000 08:01 2240223    /usr/local/netbeans-7.1/nb/modules/locale/org-netbeans-spi-quicksearch_nb.jar
a8b91000-a8b93000 r--s 00000000 08:01 2236775    /usr/local/netbeans-7.1/platform/modules/locale/org-netbeans-spi-quicksearch_zh_CN.jar
a8b93000-a8b96000 r--s 00023000 08:01 2237212    /usr/local/netbeans-7.1/platform/modules/org-netbeans-spi-quicksearch.jar
a8b96000-a8b98000 r--s 00003000 08:01 2362681    /usr/local/netbeans-7.1/ide/modules/locale/org-netbeans-spi-debugger-ui_zh_CN.jar
a8b98000-a8b99000 r--s 00002000 08:01 2362505    /usr/local/netbeans-7.1/ide/modules/locale/org-netbeans-modules-editor-lib_zh_CN.jar
a8b99000-a8ba9000 r--s 001e7000 08:01 2363584    /usr/local/netbeans-7.1/ide/modules/org-netbeans-modules-editor-lib.jar
a8ba9000-a8bba000 r--s 00108000 08:01 2237210    /usr/local/netbeans-7.1/platform/modules/ext/org.eclipse.osgi_3.6.0.v20100517.jar
a8bba000-a8bc0000 r--s 0008d000 08:01 2237376    /usr/local/netbeans-7.1/platform/modules/org-openide-awt.jar
a8bc0000-a8bc5000 r--p 00000000 08:01 3672154    /usr/share/locale-langpack/zh_CN/LC_MESSAGES/gdk-pixbuf.mo
a8bc5000-a8be4000 r--s 00000000 08:01 2622061    /usr/share/mime/mime.cache
a8be4000-a9e99000 r--p 00000000 08:01 3151633    /usr/share/icons/hicolor/icon-theme.cache
a9e99000-ae0fe000 r--p 00000000 08:01 3146528    /usr/share/icons/gnome/icon-theme.cache
ae0fe000-ae101000 ---p 00000000 00:00 0 
ae101000-ae2ff000 rw-p 00000000 00:00 0 
ae2ff000-ae302000 ---p 00000000 00:00 0 
ae302000-ae500000 rw-p 00000000 00:00 0 
ae500000-ae600000 rw-p 00000000 00:00 0 
ae600000-ae601000 r--s 00000000 08:01 2235232    /usr/local/netbeans-7.1/platform/modules/locale/org-netbeans-modules-progress-ui_zh_CN.jar
ae601000-ae604000 r--s 00020000 08:01 2237123    /usr/local/netbeans-7.1/platform/modules/org-netbeans-modules-progress-ui.jar
ae604000-ae606000 r--s 00017000 08:01 2363949    /usr/local/netbeans-7.1/ide/modules/org-eclipse-equinox-common.jar
ae606000-ae610000 r--s 000d6000 08:01 7352604    /home/test/.netbeans/7.1/modules/org-netbeans-modules-editor.jar
ae610000-ae6f9000 r--p 00000000 08:01 3019244    /usr/share/icons/Humanity/icon-theme.cache
ae6f9000-ae6fc000 ---p 00000000 00:00 0 
ae6fc000-ae8fa000 rw-p 00000000 00:00 0 
ae8fa000-ae8fd000 ---p 00000000 00:00 0 
ae8fd000-aeafb000 rw-p 00000000 00:00 0 
aeafb000-aeafe000 ---p 00000000 00:00 0 
aeafe000-aecfc000 rw-p 00000000 00:00 0 
aecfc000-aecff000 ---p 00000000 00:00 0 
aecff000-aeefd000 rw-p 00000000 00:00 0 
aeefd000-aef00000 ---p 00000000 00:00 0 
aef00000-af0fe000 rw-p 00000000 00:00 0 
af0fe000-af101000 ---p 00000000 00:00 0 
af101000-af2ff000 rw-p 00000000 00:00 0 
af2ff000-af300000 ---p 00000000 00:00 0 
af300000-afb00000 rw-p 00000000 00:00 0 
afb00000-afbff000 rw-p 00000000 00:00 0 
afbff000-afc00000 ---p 00000000 00:00 0 
afc00000-afc01000 r--s 00000000 08:01 2236754    /usr/local/netbeans-7.1/platform/modules/locale/org-netbeans-modules-netbinox_zh_CN.jar
afc01000-afc03000 r--s 0000f000 08:01 2237199    /usr/local/netbeans-7.1/platform/modules/org-netbeans-modules-netbinox.jar
afc03000-afc04000 r--s 00000000 08:01 2240229    /usr/local/netbeans-7.1/nb/modules/locale/org-netbeans-core-ui_nb_zh_CN.jar
afc04000-afc05000 r--s 00003000 08:01 2237101    /usr/local/netbeans-7.1/platform/modules/locale/org-netbeans-core-ui_zh_CN.jar
afc05000-afc06000 r--s 00000000 08:01 2240279    /usr/local/netbeans-7.1/nb/modules/locale/org-netbeans-core-ui_nb.jar
afc06000-afc07000 r--s 00002000 08:01 7485872    /home/test/.netbeans/7.1/modules/locale/org-netbeans-modules-editor_zh_CN.jar
afc07000-afc08000 r--s 00000000 08:01 2237037    /usr/local/netbeans-7.1/platform/modules/locale/org-netbeans-api-progress_zh_CN.jar
afc08000-afc0a000 r--s 00011000 08:01 2237264    /usr/local/netbeans-7.1/platform/modules/org-netbeans-api-progress.jar
afc0a000-afc0c000 r--s 00000000 08:01 2237218    /usr/local/netbeans-7.1/platform/modules/locale/org-openide-awt_zh_CN.jar
afc0c000-afc0d000 r--s 00000000 08:01 2236758    /usr/local/netbeans-7.1/platform/modules/locale/org-netbeans-swing-tabcontrol_zh_CN.jar
afc0d000-afc1a000 r--s 000fe000 08:01 2237182    /usr/local/netbeans-7.1/platform/modules/org-netbeans-swing-tabcontrol.jar
afc1a000-afc25000 r--p 00000000 08:01 3015433    /usr/share/icons/Humanity-Dark/icon-theme.cache
afc25000-afc48000 r--p 00000000 08:01 3151069    /usr/share/icons/ubuntu-mono-dark/icon-theme.cache
afc48000-afc4b000 r--s 0002f000 08:01 2237347    /usr/local/netbeans-7.1/platform/modules/org-openide-dialogs.jar
afc4b000-afc4f000 r--s 0004e000 08:01 2363481    /usr/local/netbeans-7.1/ide/modules/org-netbeans-modules-localhistory.jar
afc4f000-b0140000 r--p 00000000 08:01 3148242    /usr/share/fonts/truetype/wqy/wqy-microhei.ttc
b0140000-b0192000 r--p 00000000 08:01 3145788    /usr/share/fonts/truetype/ttf-dejavu/DejaVuSansMono.ttf
b0192000-b01e9000 r--p 00000000 08:01 3148520    /usr/share/fonts/truetype/ubuntu-font-family/Ubuntu-R.ttf
b01e9000-b01ea000 r--s 00000000 08:01 5525917    /var/cache/fontconfig/c05880de57d1f5e948fdfacc138775d9-le32d4.cache-3
b01ea000-b01f0000 r--s 00000000 08:01 5507498    /var/cache/fontconfig/945677eb7aeaf62f1d50efc3fb3ec7d8-le32d4.cache-3
b01f0000-b01f3000 r--s 00000000 08:01 5525912    /var/cache/fontconfig/99e8ed0e538f840c565b6ed5dad60d56-le32d4.cache-3
b01f3000-b01f9000 r--s 00000000 08:01 5525603    /var/cache/fontconfig/a6d8cf8e4ec09cdbc8633c31745a07dd-le32d4.cache-3
b01f9000-b01fc000 r--s 00000000 08:01 5525598    /var/cache/fontconfig/2cd17615ca594fa2959ae173292e504c-le32d4.cache-3
b01fc000-b01fd000 r--s 00000000 08:01 5525583    /var/cache/fontconfig/e7071f4a29fa870f4323321c154eba04-le32d4.cache-3
b01fd000-b01fe000 r--s 00000000 08:01 5525581    /var/cache/fontconfig/0d8c3b2ac0904cb8a57a757ad11a4a08-le32d4.cache-3
b01fe000-b0202000 r--s 00000000 08:01 5525580    /var/cache/fontconfig/a755afe4a08bf5b97852ceb7400b47bc-le32d4.cache-3
b0202000-b0209000 r--s 00000000 08:01 5525562    /var/cache/fontconfig/6d41288fd70b0be22e8c3a91e032eec0-le32d4.cache-3
b0209000-b0214000 r--s 00000000 08:01 5525558    /var/cache/fontconfig/04aabc0a78ac019cf9454389977116d2-le32d4.cache-3
b0214000-b0217000 r--s 00000000 08:01 5525553    /var/cache/fontconfig/385c0604a188198f04d133e54aba7fe7-le32d4.cache-3
b0217000-b0218000 r--s 00000000 08:01 5525547    /var/cache/fontconfig/4794a0821666d79190d59a36cb4f44b5-le32d4.cache-3
b0218000-b021b000 r--s 00000000 08:01 5506973    /var/cache/fontconfig/8801497958630a81b71ace7c5f9b32a8-le32d4.cache-3
b021b000-b021f000 r--s 00000000 08:01 5525543    /var/cache/fontconfig/3047814df9a2f067bd2d96a2b9c36e5a-le32d4.cache-3
b021f000-b0223000 r--s 00000000 08:01 5525531    /var/cache/fontconfig/b47c4e1ecd0709278f4910c18777a504-le32d4.cache-3
b0223000-b0229000 r--s 00000000 08:01 5525530    /var/cache/fontconfig/52f7bdb7ce746bfd7eaa1985bd9cfa93-le32d4.cache-3
b0229000-b0236000 r--s 00000000 08:01 5525522    /var/cache/fontconfig/d52a8644073d54c13679302ca1180695-le32d4.cache-3
b0236000-b023a000 r--s 00000000 08:01 5525521    /var/cache/fontconfig/3f7329c5293ffd510edef78f73874cfd-le32d4.cache-3
b023a000-b0243000 r--s 00000000 08:01 5525519    /var/cache/fontconfig/089dead882dea3570ffc31a9898cfb69-le32d4.cache-3
b0243000-b0244000 r--s 00000000 08:01 2237138    /usr/local/netbeans-7.1/platform/modules/locale/org-openide-dialogs_zh_CN.jar
b0244000-b0245000 r--s 00000000 08:01 2363449    /usr/local/netbeans-7.1/ide/modules/locale/org-netbeans-core-ide_zh_CN.jar
b0245000-b0246000 r--s 00009000 08:01 2363901    /usr/local/netbeans-7.1/ide/modules/org-netbeans-core-ide.jar
b0246000-b0247000 r--s 00001000 08:01 2237124    /usr/local/netbeans-7.1/platform/modules/locale/org-openide-loaders_zh_CN.jar
b0247000-b0251000 r--s 00145000 08:01 2237345    /usr/local/netbeans-7.1/platform/modules/org-openide-loaders.jar
b0251000-b0252000 r--s 00000000 08:01 2362979    /usr/local/netbeans-7.1/ide/modules/locale/org-netbeans-spi-navigator_zh_CN.jar
b0252000-b0253000 r--s 00002000 08:01 2237107    /usr/local/netbeans-7.1/platform/modules/locale/org-openide-explorer_zh_CN.jar
b0253000-b0254000 r--s 00000000 08:01 2237162    /usr/local/netbeans-7.1/platform/modules/locale/org-openide-nodes_zh_CN.jar
b0254000-b0259000 r--s 00081000 08:01 2237364    /usr/local/netbeans-7.1/platform/modules/org-openide-nodes.jar
b0259000-b0266000 r--s 001a6000 08:01 2237327    /usr/local/netbeans-7.1/platform/modules/org-openide-explorer.jar
b0266000-b0268000 r--s 0000a000 08:01 2237396    /usr/local/netbeans-7.1/platform/modules/org-openide-io.jar
b0268000-b026a000 r--s 00026000 08:01 7352614    /home/test/.netbeans/7.1/modules/org-openide-windows.jar
b026a000-b026d000 r--s 0003e000 08:01 2237183    /usr/local/netbeans-7.1/platform/modules/org-netbeans-modules-settings.jar
b026d000-b0272000 r--s 00069000 08:01 2363834    /usr/local/netbeans-7.1/ide/modules/org-netbeans-spi-palette.jar
b0272000-b028b000 r--s 003ee000 08:01 7352590    /home/test/.netbeans/7.1/modules/org-netbeans-modules-php-editor.jar
b028b000-b0296000 r--s 00108000 08:01 2363528    /usr/local/netbeans-7.1/ide/modules/org-netbeans-modules-bugtracking.jar
b0296000-b02a1000 r--s 00105000 08:01 2363617    /usr/local/netbeans-7.1/ide/modules/org-netbeans-modules-projectui.jar
b02a1000-b02a3000 r--s 00010000 08:01 2363772    /usr/local/netbeans-7.1/ide/modules/org-netbeans-spi-navigator.jar
b02a3000-b02a7000 r--s 00046000 08:01 2240273    /usr/local/netbeans-7.1/nb/modules/org-netbeans-modules-uihandler.jar
b02a7000-b02ad000 r--s 0006a000 08:01 2363525    /usr/local/netbeans-7.1/ide/modules/org-netbeans-modules-tasklist-ui.jar
b02ad000-b02c5000 r--s 002f9000 08:01 7352625    /home/test/.netbeans/7.1/modules/org-netbeans-modules-subversion.jar
b02c5000-b02c7000 r--s 00010000 08:01 2363268    /usr/local/netbeans-7.1/ide/modules/org-netbeans-modules-dlight-terminal.jar
b02c7000-b02d1000 r--s 000a1000 08:01 7352609    /home/test/.netbeans/7.1/modules/org-netbeans-modules-css-visual.jar
b02d1000-b02d9000 r--s 00082000 08:01 7352612    /home/test/.netbeans/7.1/modules/org-netbeans-modules-refactoring-api.jar
b02d9000-b02dd000 r--s 00040000 08:01 2363343    /usr/local/netbeans-7.1/ide/modules/org-netbeans-modules-gsf-testrunner.jar
b02dd000-b02e2000 r--s 000a6000 08:01 7352621    /home/test/.netbeans/7.1/modules/org-netbeans-modules-utilities.jar
b02e2000-b02ed000 r--s 00102000 08:01 2363314    /usr/local/netbeans-7.1/ide/modules/org-netbeans-modules-versioning-util.jar
b02ed000-b02fb000 r--s 000d7000 08:01 2363704    /usr/local/netbeans-7.1/ide/modules/org-netbeans-spi-debugger-ui.jar
b02fb000-b02fe000 ---p 00000000 00:00 0 
b02fe000-b04fc000 rw-p 00000000 00:00 0 
b04fc000-b04fd000 ---p 00000000 00:00 0 
b04fd000-b0cfd000 rw-p 00000000 00:00 0 
b0cfd000-b0cfe000 ---p 00000000 00:00 0 
b0cfe000-b14fe000 rw-p 00000000 00:00 0 
b14fe000-b1501000 ---p 00000000 00:00 0 
b1501000-b16ff000 rw-p 00000000 00:00 0 
b16ff000-b1702000 ---p 00000000 00:00 0 
b1702000-b1900000 rw-p 00000000 00:00 0 
b1900000-b19fa000 rw-p 00000000 00:00 0 
b19fa000-b1a00000 ---p 00000000 00:00 0 
b1a00000-b1a03000 r--s 00000000 08:01 5507194    /var/cache/fontconfig/cabbd14511b9e8a55e92af97fb3a0461-le32d4.cache-3
b1a03000-b1a04000 r--s 00000000 08:01 2237238    /usr/local/netbeans-7.1/platform/modules/locale/org-openide-io_zh_CN.jar
b1a04000-b1a06000 r--s 00003000 08:01 7485858    /home/test/.netbeans/7.1/modules/locale/org-netbeans-core-windows_zh_CN.jar
b1a06000-b1a0a000 r--s 0006e000 08:01 7352596    /home/test/.netbeans/7.1/modules/org-netbeans-modules-welcome.jar
b1a0a000-b1a0c000 r--s 00008000 08:01 2237291    /usr/local/netbeans-7.1/platform/modules/org-netbeans-core-io-ui.jar
b1a0c000-b1a11000 r--s 00062000 08:01 2237328    /usr/local/netbeans-7.1/platform/modules/org-netbeans-core-ui.jar
b1a11000-b1a18000 r--s 00090000 08:01 2237362    /usr/local/netbeans-7.1/platform/modules/org-netbeans-core.jar
b1a18000-b1a26000 r--s 001e7000 08:01 7352601    /home/test/.netbeans/7.1/modules/org-netbeans-core-windows.jar
b1a26000-b1a28000 r--s 00013000 08:01 2230963    /usr/lib/jvm/java-6-openjdk-common/jre/lib/jce.jar
b1adc000-b1b00000 r--p 00000000 08:01 3671841    /usr/share/locale-langpack/zh_CN/LC_MESSAGES/gtk20-properties.mo
b1b00000-b1bfa000 rw-p 00000000 00:00 0 
b1bfa000-b1c00000 ---p 00000000 00:00 0 
b1c00000-b1c2e000 rw-p 00000000 00:00 0 
b1c2e000-b1d00000 ---p 00000000 00:00 0 
b1d00000-b1dfe000 rw-p 00000000 00:00 0 
b1dfe000-b1e00000 ---p 00000000 00:00 0 
b1e00000-b1e01000 r--s 00001000 08:01 2240239    /usr/local/netbeans-7.1/nb/modules/locale/org-netbeans-core-windows_nb.jar
b1e01000-b1e03000 r--s 00000000 08:01 5507197    /var/cache/fontconfig/e13b20fdb08344e0e664864cc2ede53d-le32d4.cache-3
b1e03000-b1e07000 r--p 00000000 08:01 7353498    /home/test/.config/dconf/user
b1e07000-b1e08000 r--s 00000000 08:01 7354256    /home/test/.cache/dconf/user
b1e08000-b1e2e000 r--p 00000000 08:01 3146332    /usr/share/glib-2.0/schemas/gschemas.compiled
b1e2e000-b1e43000 r--p 00000000 08:01 3671881    /usr/share/locale-langpack/zh_CN/LC_MESSAGES/glib20.mo
b1e43000-b1e58000 r--p 00000000 08:01 3672792    /usr/share/locale-langpack/zh_CN/LC_MESSAGES/libc.mo
b1eea000-b1f75000 rw-s 00000000 00:04 163844     /SYSV00000000 (deleted)
b1f75000-b2000000 rw-s 00000000 00:04 131075     /SYSV00000000 (deleted)
b2000000-b20f9000 rw-p 00000000 00:00 0 
b20f9000-b2100000 ---p 00000000 00:00 0 
b2100000-b2101000 r--s 00000000 08:01 5525542    /var/cache/fontconfig/56cf4f4769d0f4abc89a4895d7bd3ae1-le32d4.cache-3
b2101000-b2104000 r--s 00000000 08:01 5507014    /var/cache/fontconfig/7ef2298fde41cc6eeb7af42e48b7d293-le32d4.cache-3
b2104000-b210b000 r--s 00000000 08:01 2243528    /usr/lib/i386-linux-gnu/gconv/gconv-modules.cache
b210b000-b2119000 r--p 00000000 08:01 3671530    /usr/share/locale-langpack/zh_CN/LC_MESSAGES/gtk20.mo
b219f000-b220b000 r--s 00000000 08:01 7341734    /home/test/.netbeans/7.1/var/cache/all-layers.dat
b220b000-b220e000 ---p 00000000 00:00 0 
b220e000-b240c000 rw-p 00000000 00:00 0 
b240c000-b240f000 ---p 00000000 00:00 0 
b240f000-b260d000 rw-p 00000000 00:00 0 
b260d000-b2610000 ---p 00000000 00:00 0 
b2610000-b280e000 rw-p 00000000 00:00 0 
b280e000-b280f000 r--s 00000000 08:01 5525917    /var/cache/fontconfig/c05880de57d1f5e948fdfacc138775d9-le32d4.cache-3
b280f000-b2815000 r--s 00000000 08:01 5507498    /var/cache/fontconfig/945677eb7aeaf62f1d50efc3fb3ec7d8-le32d4.cache-3
b2815000-b2818000 r--s 00000000 08:01 5525912    /var/cache/fontconfig/99e8ed0e538f840c565b6ed5dad60d56-le32d4.cache-3
b2818000-b281e000 r--s 00000000 08:01 5525603    /var/cache/fontconfig/a6d8cf8e4ec09cdbc8633c31745a07dd-le32d4.cache-3
b281e000-b2821000 r--s 00000000 08:01 5525598    /var/cache/fontconfig/2cd17615ca594fa2959ae173292e504c-le32d4.cache-3
b2821000-b2822000 r--s 00000000 08:01 5525583    /var/cache/fontconfig/e7071f4a29fa870f4323321c154eba04-le32d4.cache-3
b2822000-b2823000 r--s 00000000 08:01 5525581    /var/cache/fontconfig/0d8c3b2ac0904cb8a57a757ad11a4a08-le32d4.cache-3
b2823000-b2827000 r--s 00000000 08:01 5525580    /var/cache/fontconfig/a755afe4a08bf5b97852ceb7400b47bc-le32d4.cache-3
b2827000-b282e000 r--s 00000000 08:01 5525562    /var/cache/fontconfig/6d41288fd70b0be22e8c3a91e032eec0-le32d4.cache-3
b282e000-b2839000 r--s 00000000 08:01 5525558    /var/cache/fontconfig/04aabc0a78ac019cf9454389977116d2-le32d4.cache-3
b2839000-b283c000 ---p 00000000 00:00 0 
b283c000-b2a3a000 rw-p 00000000 00:00 0 
b2a3a000-b2a3d000 ---p 00000000 00:00 0 
b2a3d000-b2c3b000 rw-p 00000000 00:00 0 
b2c3b000-b2c3e000 ---p 00000000 00:00 0 
b2c3e000-b2e3c000 rw-p 00000000 00:00 0 
b2e3c000-b2e3f000 ---p 00000000 00:00 0 
b2e3f000-b303d000 rw-p 00000000 00:00 0 
b3c45000-b3c47000 r--s 00003000 08:01 7485815    /home/test/.netbeans/7.1/modules/locale/org-netbeans-modules-css-editor_zh_CN.jar
b3c47000-b3c51000 r--s 000e8000 08:01 7352595    /home/test/.netbeans/7.1/modules/org-netbeans-modules-css-editor.jar
b3c51000-b3c53000 r--s 00007000 08:01 7485776    /home/test/.netbeans/7.1/modules/locale/org-netbeans-modules-php-editor_zh_CN.jar
b3c53000-b3c54000 r--s 00001000 08:01 2363498    /usr/local/netbeans-7.1/ide/modules/locale/org-netbeans-api-xml_zh_CN.jar
b3c54000-b3c56000 r--s 00016000 08:01 2363923    /usr/local/netbeans-7.1/ide/modules/org-netbeans-api-xml.jar
b3c56000-b3c57000 r--s 00003000 08:01 2363098    /usr/local/netbeans-7.1/ide/modules/locale/org-netbeans-modules-html_zh_CN.jar
b3c57000-b3c5c000 r--s 00071000 08:01 2363800    /usr/local/netbeans-7.1/ide/modules/org-netbeans-modules-html.jar
b3c5c000-b3c62000 r--s 00082000 08:01 2363831    /usr/local/netbeans-7.1/ide/modules/org-netbeans-modules-xml.jar
b3c62000-b3c6a000 r--s 00091000 08:01 2364152    /usr/local/netbeans-7.1/php/modules/org-netbeans-modules-php-dbgp.jar
b3c6a000-b3c6c000 r--s 00018000 08:01 7352598    /home/test/.netbeans/7.1/modules/org-netbeans-modules-editor-bookmarks.jar
b3c6c000-b3c6f000 r--s 00041000 08:01 7352611    /home/test/.netbeans/7.1/modules/org-netbeans-spi-editor-hints.jar
b3c6f000-b3c70000 r--s 00000000 08:01 7485898    /home/test/.netbeans/7.1/modules/locale/org-openide-text_zh_CN.jar
b3c70000-b3c73000 r--s 0005f000 08:01 7352610    /home/test/.netbeans/7.1/modules/org-openide-text.jar
b3c73000-b3c74000 r--s 00001000 08:01 2362417    /usr/local/netbeans-7.1/ide/modules/locale/org-netbeans-modules-extexecution_zh_CN.jar
b3c74000-b3c77000 r--s 0002f000 08:01 2363500    /usr/local/netbeans-7.1/ide/modules/org-netbeans-modules-extexecution.jar
b3c77000-b3c78000 r--s 00000000 08:01 2360146    /usr/local/netbeans-7.1/ide/modules/locale/org-netbeans-modules-editor-deprecated-pre65formatting_zh_CN.jar
b3c78000-b3c7a000 r--s 00029000 08:01 2360307    /usr/local/netbeans-7.1/ide/modules/org-netbeans-modules-editor-deprecated-pre65formatting.jar
b3c7a000-b3c7d000 ---p 00000000 00:00 0 
b3c7d000-b3e7b000 rw-p 00000000 00:00 0 
b3e7b000-b3e7e000 ---p 00000000 00:00 0 
b3e7e000-b407c000 rw-p 00000000 00:00 0 
b407c000-b407d000 ---p 00000000 00:00 0 
b407d000-b40fd000 rw-p 00000000 00:00 0 
b40fd000-b4100000 ---p 00000000 00:00 0 
b4100000-b42fe000 rw-p 00000000 00:00 0 
b42fe000-b4301000 ---p 00000000 00:00 0 
b4301000-b44ff000 rw-p 00000000 00:00 0 
b44ff000-b46ff000 r--p 00000000 08:01 2228488    /usr/lib/locale/locale-archive
b46ff000-b4702000 ---p 00000000 00:00 0 
b4702000-b4900000 rw-p 00000000 00:00 0 
b4900000-b49da000 rw-p 00000000 00:00 0 
b49da000-b4a00000 ---p 00000000 00:00 0 
b4a00000-b4a01000 r--s 00000000 08:01 5525533    /var/cache/fontconfig/b9d506c9ac06c20b433354fa67a72993-le32d4.cache-3
b4a01000-b4a02000 rw-p 00000000 00:00 0 
b4a02000-b4a05000 r--s 00000000 08:01 5525553    /var/cache/fontconfig/385c0604a188198f04d133e54aba7fe7-le32d4.cache-3
b4a05000-b4a06000 r--s 00000000 08:01 5525547    /var/cache/fontconfig/4794a0821666d79190d59a36cb4f44b5-le32d4.cache-3
b4a06000-b4a09000 r--s 00000000 08:01 5506973    /var/cache/fontconfig/8801497958630a81b71ace7c5f9b32a8-le32d4.cache-3
b4a09000-b4a0d000 r--s 00000000 08:01 5525543    /var/cache/fontconfig/3047814df9a2f067bd2d96a2b9c36e5a-le32d4.cache-3
b4a0d000-b4a0e000 r--s 00000000 08:01 5525542    /var/cache/fontconfig/56cf4f4769d0f4abc89a4895d7bd3ae1-le32d4.cache-3
b4a0e000-b4a0f000 r--s 00000000 08:01 5525533    /var/cache/fontconfig/b9d506c9ac06c20b433354fa67a72993-le32d4.cache-3
b4a0f000-b4a13000 r--s 00000000 08:01 5525531    /var/cache/fontconfig/b47c4e1ecd0709278f4910c18777a504-le32d4.cache-3
b4a13000-b4a19000 r--s 00000000 08:01 5525530    /var/cache/fontconfig/52f7bdb7ce746bfd7eaa1985bd9cfa93-le32d4.cache-3
b4a19000-b4a26000 r--s 00000000 08:01 5525522    /var/cache/fontconfig/d52a8644073d54c13679302ca1180695-le32d4.cache-3
b4a26000-b4a2a000 r--s 00000000 08:01 5525521    /var/cache/fontconfig/3f7329c5293ffd510edef78f73874cfd-le32d4.cache-3
b4a2a000-b4a33000 r--s 00000000 08:01 5525519    /var/cache/fontconfig/089dead882dea3570ffc31a9898cfb69-le32d4.cache-3
b4a33000-b4a36000 r--s 00000000 08:01 5507194    /var/cache/fontconfig/cabbd14511b9e8a55e92af97fb3a0461-le32d4.cache-3
b4a36000-b4a38000 r--s 00000000 08:01 5507197    /var/cache/fontconfig/e13b20fdb08344e0e664864cc2ede53d-le32d4.cache-3
b4a38000-b4a3b000 r--s 00000000 08:01 5507014    /var/cache/fontconfig/7ef2298fde41cc6eeb7af42e48b7d293-le32d4.cache-3
b4a3b000-b4a3c000 r--s 00000000 08:01 5525917    /var/cache/fontconfig/c05880de57d1f5e948fdfacc138775d9-le32d4.cache-3
b4a3c000-b4a42000 r--s 00000000 08:01 5507498    /var/cache/fontconfig/945677eb7aeaf62f1d50efc3fb3ec7d8-le32d4.cache-3
b4a42000-b4a45000 r--s 00000000 08:01 5525912    /var/cache/fontconfig/99e8ed0e538f840c565b6ed5dad60d56-le32d4.cache-3
b4a45000-b4a4b000 r--s 00000000 08:01 5525603    /var/cache/fontconfig/a6d8cf8e4ec09cdbc8633c31745a07dd-le32d4.cache-3
b4a4b000-b4a4e000 r--s 00000000 08:01 5525598    /var/cache/fontconfig/2cd17615ca594fa2959ae173292e504c-le32d4.cache-3
b4a4e000-b4a4f000 r--s 00000000 08:01 5525583    /var/cache/fontconfig/e7071f4a29fa870f4323321c154eba04-le32d4.cache-3
b4a4f000-b4a50000 r--s 00000000 08:01 5525581    /var/cache/fontconfig/0d8c3b2ac0904cb8a57a757ad11a4a08-le32d4.cache-3
b4a50000-b4a54000 r--s 00000000 08:01 5525580    /var/cache/fontconfig/a755afe4a08bf5b97852ceb7400b47bc-le32d4.cache-3
b4a54000-b4a5b000 r--s 00000000 08:01 5525562    /var/cache/fontconfig/6d41288fd70b0be22e8c3a91e032eec0-le32d4.cache-3
b4a5b000-b4a66000 r--s 00000000 08:01 5525558    /var/cache/fontconfig/04aabc0a78ac019cf9454389977116d2-le32d4.cache-3
b4a66000-b4a69000 r--s 00000000 08:01 5525553    /var/cache/fontconfig/385c0604a188198f04d133e54aba7fe7-le32d4.cache-3
b4a69000-b4a6a000 r--s 00000000 08:01 5525547    /var/cache/fontconfig/4794a0821666d79190d59a36cb4f44b5-le32d4.cache-3
b4a6a000-b4a6d000 r--s 00000000 08:01 5506973    /var/cache/fontconfig/8801497958630a81b71ace7c5f9b32a8-le32d4.cache-3
b4a6d000-b4a71000 r--s 00000000 08:01 5525543    /var/cache/fontconfig/3047814df9a2f067bd2d96a2b9c36e5a-le32d4.cache-3
b4a71000-b4a7e000 r--s 00000000 08:01 5525522    /var/cache/fontconfig/d52a8644073d54c13679302ca1180695-le32d4.cache-3
b4a7e000-b4a81000 ---p 00000000 00:00 0 
b4a81000-b4aff000 rw-p 00000000 00:00 0 
b4aff000-b4b02000 ---p 00000000 00:00 0 
b4b02000-b4d00000 rw-p 00000000 00:00 0 
b4d00000-b4dfe000 rw-p 00000000 00:00 0 
b4dfe000-b4e00000 ---p 00000000 00:00 0 
b4e00000-b4e01000 r--s 00000000 08:01 5525542    /var/cache/fontconfig/56cf4f4769d0f4abc89a4895d7bd3ae1-le32d4.cache-3
b4e01000-b4e02000 r--s 00000000 08:01 5525533    /var/cache/fontconfig/b9d506c9ac06c20b433354fa67a72993-le32d4.cache-3
b4e02000-b4e06000 r--s 00000000 08:01 5525531    /var/cache/fontconfig/b47c4e1ecd0709278f4910c18777a504-le32d4.cache-3
b4e06000-b4e0c000 r--s 00000000 08:01 5525530    /var/cache/fontconfig/52f7bdb7ce746bfd7eaa1985bd9cfa93-le32d4.cache-3
b4e0c000-b4e10000 r--s 00000000 08:01 5525521    /var/cache/fontconfig/3f7329c5293ffd510edef78f73874cfd-le32d4.cache-3
b4e10000-b4e19000 r--s 00000000 08:01 5525519    /var/cache/fontconfig/089dead882dea3570ffc31a9898cfb69-le32d4.cache-3
b4e19000-b4e1c000 r--s 00000000 08:01 5507194    /var/cache/fontconfig/cabbd14511b9e8a55e92af97fb3a0461-le32d4.cache-3
b4e1c000-b4e1e000 r--s 00000000 08:01 5507197    /var/cache/fontconfig/e13b20fdb08344e0e664864cc2ede53d-le32d4.cache-3
b4e1e000-b4e21000 r--s 00000000 08:01 5507014    /var/cache/fontconfig/7ef2298fde41cc6eeb7af42e48b7d293-le32d4.cache-3
b4e21000-b4e22000 r--s 00000000 08:01 2237144    /usr/local/netbeans-7.1/platform/lib/locale/org-openide-util-lookup_zh_CN.jar
b4e22000-b4e23000 r--s 00000000 08:01 2237204    /usr/local/netbeans-7.1/platform/lib/locale/org-openide-util-lookup_ru.jar
b4e23000-b4e24000 r--s 00000000 08:01 2237143    /usr/local/netbeans-7.1/platform/lib/locale/org-openide-util-lookup_pt_BR.jar
b4e24000-b4e25000 r--s 00000000 08:01 2237205    /usr/local/netbeans-7.1/platform/lib/locale/org-openide-util-lookup_ja.jar
b4e25000-b4e26000 r--s 00000000 08:01 2237227    /usr/local/netbeans-7.1/platform/lib/locale/org-openide-modules_zh_CN.jar
b4e26000-b4e27000 r--s 00000000 08:01 2237269    /usr/local/netbeans-7.1/platform/lib/locale/org-openide-modules_ru.jar
b4e27000-b4e28000 r--s 00000000 08:01 2237228    /usr/local/netbeans-7.1/platform/lib/locale/org-openide-modules_pt_BR.jar
b4e28000-b4e29000 r--s 00000000 08:01 2237272    /usr/local/netbeans-7.1/platform/lib/locale/org-openide-modules_ja.jar
b4e29000-b4e2a000 r--s 00000000 08:01 2240269    /usr/local/netbeans-7.1/nb/core/locale/org-netbeans-upgrader_pt_BR.jar
b4e2a000-b4e2b000 r--s 00000000 08:01 2240287    /usr/local/netbeans-7.1/nb/core/locale/org-netbeans-upgrader_ja.jar
b4e2b000-b4e2c000 r--s 00000000 08:01 2240317    /usr/local/netbeans-7.1/nb/core/locale/core_nb_pt_BR.jar
b4e2c000-b4e2d000 r--s 00000000 08:01 2240331    /usr/local/netbeans-7.1/nb/core/locale/core_nb_ja.jar
b4e2d000-b4e2e000 r--s 00000000 08:01 2240289    /usr/local/netbeans-7.1/nb/core/locale/org-netbeans-upgrader_ru.jar
b4e2e000-b4e2f000 r--s 00000000 08:01 2240319    /usr/local/netbeans-7.1/nb/core/locale/core_nb_zh_CN.jar
b4e2f000-b4e30000 r--s 00000000 08:01 2240329    /usr/local/netbeans-7.1/nb/core/locale/core_nb_ru.jar
b4e30000-b4e31000 r--s 00000000 08:01 2240267    /usr/local/netbeans-7.1/nb/core/locale/org-netbeans-upgrader_zh_CN.jar
b4e31000-b4e32000 r--s 0003f000 08:01 2240337    /usr/local/netbeans-7.1/nb/core/locale/core_nb.jar
b4e32000-b4e35000 r--s 00053000 08:01 2240315    /usr/local/netbeans-7.1/nb/core/org-netbeans-upgrader.jar
b4e35000-b4e36000 r--s 00001000 08:01 2237530    /usr/local/netbeans-7.1/platform/core/locale/core_ja.jar
b4e36000-b4e37000 r--s 00001000 08:01 2237116    /usr/local/netbeans-7.1/platform/core/locale/org-openide-filesystems_zh_CN.jar
b4e37000-b4e38000 r--s 00001000 08:01 2237169    /usr/local/netbeans-7.1/platform/core/locale/org-openide-filesystems_ru.jar
b4e38000-b4e39000 r--s 00001000 08:01 2237398    /usr/local/netbeans-7.1/platform/core/locale/core_pt_BR.jar
b4e39000-b4e3a000 r--s 00001000 08:01 2237168    /usr/local/netbeans-7.1/platform/core/locale/org-openide-filesystems_ja.jar
b4e3a000-b4e3b000 r--s 00001000 08:01 2237528    /usr/local/netbeans-7.1/platform/core/locale/core_ru.jar
b4e3b000-b4e3c000 r--s 00001000 08:01 2237399    /usr/local/netbeans-7.1/platform/core/locale/core_zh_CN.jar
b4e3c000-b4e3d000 r--s 00001000 08:01 2237115    /usr/local/netbeans-7.1/platform/core/locale/org-openide-filesystems_pt_BR.jar
b4e3d000-b4e43000 r--s 000d5000 08:01 2237334    /usr/local/netbeans-7.1/platform/core/org-openide-filesystems.jar
b4e43000-b4e48000 r--s 000bb000 08:01 2237533    /usr/local/netbeans-7.1/platform/core/core.jar
b4e48000-b4e4b000 r--s 00048000 08:01 2237350    /usr/local/netbeans-7.1/platform/lib/org-openide-util-lookup.jar
b4e4b000-b4e4d000 r--s 00009000 08:01 2237378    /usr/local/netbeans-7.1/platform/lib/org-openide-modules.jar
b4e4d000-b4e4e000 r--s 00001000 08:01 7485795    /home/test/.netbeans/7.1/lib/locale/org-openide-util_zh_CN.jar
b4e4e000-b4e4f000 r--s 00001000 08:01 7485794    /home/test/.netbeans/7.1/lib/locale/org-openide-util_ru.jar
b4e4f000-b4e50000 r--s 00001000 08:01 7485793    /home/test/.netbeans/7.1/lib/locale/org-openide-util_pt_BR.jar
b4e50000-b4e51000 r--s 00001000 08:01 7485792    /home/test/.netbeans/7.1/lib/locale/org-openide-util_ja.jar
b4e51000-b4e52000 r--s 00000000 08:01 7485822    /home/test/.netbeans/7.1/lib/locale/boot_zh_CN.jar
b4e52000-b4e53000 r--s 00000000 08:01 7485821    /home/test/.netbeans/7.1/lib/locale/boot_ru.jar
b4e53000-b4e54000 r--s 00000000 08:01 7485820    /home/test/.netbeans/7.1/lib/locale/boot_pt_BR.jar
b4e54000-b4e55000 r--s 00000000 08:01 7485819    /home/test/.netbeans/7.1/lib/locale/boot_ja.jar
b4e55000-b4e5c000 r--s 000aa000 08:01 7485799    /home/test/.netbeans/7.1/lib/org-openide-util.jar
b4e5c000-b4e63000 r--s 000fb000 08:01 2233469    /usr/lib/jvm/java-6-openjdk-common/jre/lib/resources.jar
b4e63000-b4e66000 r--s 0005d000 08:01 7485824    /home/test/.netbeans/7.1/lib/boot.jar
b4e66000-b4e68000 r--s 00001000 08:01 2232715    /usr/lib/jvm/java-6-openjdk-common/jre/lib/ext/dnsns.jar
b4e68000-b4e6c000 r--s 00038000 08:01 2232643    /usr/lib/jvm/java-6-openjdk-common/jre/lib/ext/sunpkcs11.jar
b4e6c000-b4e6d000 ---p 00000000 00:00 0 
b4e6d000-b4eed000 rw-p 00000000 00:00 0 
b4eed000-b507d000 r--s 037bc000 08:01 2234208    /usr/lib/jvm/java-6-openjdk-i386/jre/lib/rt.jar
b507d000-b508e000 rw-p 00000000 00:00 0 
b508e000-b513e000 rw-p 00000000 00:00 0 
b513e000-b5150000 rw-p 00000000 00:00 0 
b5150000-b5207000 rw-p 00000000 00:00 0 
b5207000-b5210000 rw-p 00000000 00:00 0 
b5210000-b526b000 rw-p 00000000 00:00 0 
b526b000-b527d000 rw-p 00000000 00:00 0 
b527d000-b5334000 rw-p 00000000 00:00 0 
b5334000-b5344000 rw-p 00000000 00:00 0 
b5344000-b53f4000 rw-p 00000000 00:00 0 
b53f4000-b5400000 rw-p 00000000 00:00 0 
b5400000-b5740000 rwxp 00000000 00:00 0 
b5740000-b74d6000 rw-p 00000000 00:00 0 
b74d6000-b7500000 ---p 00000000 00:00 0 
b7500000-b7503000 r--s 00077000 08:01 2231701    /usr/lib/jvm/java-6-openjdk-common/jre/lib/ext/localedata.jar
b7503000-b7506000 r--s 00031000 08:01 2231383    /usr/lib/jvm/java-6-openjdk-common/jre/lib/ext/sunjce_provider.jar
b7506000-b7508000 r--s 0000f000 08:01 2231328    /usr/lib/jvm/java-6-openjdk-common/jre/lib/ext/pulse-java.jar
b7508000-b7509000 r--s 00007000 08:01 2622154    /usr/share/java/java-atk-wrapper.jar
b7509000-b7549000 rw-p 00000000 00:00 0 
b7549000-b75bc000 rw-p 00000000 00:00 0 
b75bc000-b75bf000 ---p 00000000 00:00 0 
b75bf000-b77cd000 rw-p 00000000 00:00 0 
b77cd000-b77d5000 rw-s 00000000 08:01 3158546    /tmp/hsperfdata_test/3187
b77d5000-b77d6000 rw-p 00000000 00:00 0 
b77d6000-b77d7000 ---p 00000000 00:00 0 
b77d7000-b77d9000 rw-p 00000000 00:00 0 
bfe58000-bfe7a000 rw-p 00000000 00:00 0          [stack]

VM Arguments:
jvm_args: -Djdk.home=/usr/lib/jvm/default-java -Dnetbeans.system_http_proxy=DIRECT -Dnetbeans.system_http_non_proxy_hosts= -Dnetbeans.dirs=/usr/local/netbeans-7.1/nb:/usr/local/netbeans-7.1/bin/../ergonomics:/usr/local/netbeans-7.1/ide:/usr/local/netbeans-7.1/bin/../java:/usr/local/netbeans-7.1/bin/../apisupport:/usr/local/netbeans-7.1/bin/../webcommon:/usr/local/netbeans-7.1/websvccommon:/usr/local/netbeans-7.1/bin/../enterprise:/usr/local/netbeans-7.1/bin/../mobility:/usr/local/netbeans-7.1/bin/../profiler:/usr/local/netbeans-7.1/bin/../python:/usr/local/netbeans-7.1/php:/usr/local/netbeans-7.1/bin/../identity:/usr/local/netbeans-7.1/bin/../harness:/usr/local/netbeans-7.1/bin/../cnd:/usr/local/netbeans-7.1/bin/../dlight:/usr/local/netbeans-7.1/bin/../groovy:/usr/local/netbeans-7.1/bin/../extra:/usr/local/netbeans-7.1/bin/../javacard:/usr/local/netbeans-7.1/bin/../javafx: -Dnetbeans.home=/usr/local/netbeans-7.1/platform -Dnetbeans.importclass=org.netbeans.upgrade.AutoUpgrade -Dnetbeans.accept_license_class=org.netbeans.license.AcceptLicense -XX:MaxPermSize=384m -Xmx602m -Xss2m -Xms32m -XX:PermSize=32m -Dapple.laf.useScreenMenuBar=true -Dapple.awt.graphics.UseQuartz=true -Dsun.java2d.noddraw=true -Dsun.zip.disableMemoryMapping=true -XX:+HeapDumpOnOutOfMemoryError -XX:HeapDumpPath=/home/test/.netbeans/7.1/var/log/heapdump.hprof 
java_command: org.netbeans.Main --userdir /home/test/.netbeans/7.1 --branding nb
Launcher Type: SUN_STANDARD

Environment Variables:
PATH=/usr/lib/lightdm/lightdm:/usr/local/sbin:/usr/local/bin:/usr/sbin:/usr/bin:/sbin:/bin:/usr/games
LD_LIBRARY_PATH=/usr/lib/jvm/java-6-openjdk-i386/jre/lib/i386/client:/usr/lib/jvm/java-6-openjdk-i386/jre/lib/i386:/usr/lib/jvm/java-6-openjdk-i386/jre/../lib/i386
SHELL=/bin/bash
DISPLAY=:0

Signal Handlers:
SIGSEGV: [libjvm.so+0x3e3530], sa_mask[0]=0x7ffbfeff, sa_flags=0x10000004
SIGBUS: [libjvm.so+0x3e3530], sa_mask[0]=0x7ffbfeff, sa_flags=0x10000004
SIGFPE: [libjvm.so+0x300e50], sa_mask[0]=0x7ffbfeff, sa_flags=0x10000004
SIGPIPE: SIG_IGN, sa_mask[0]=0x00001000, sa_flags=0x10000000
SIGXFSZ: [libjvm.so+0x300e50], sa_mask[0]=0x7ffbfeff, sa_flags=0x10000004
SIGILL: [libjvm.so+0x300e50], sa_mask[0]=0x7ffbfeff, sa_flags=0x10000004
SIGUSR1: SIG_DFL, sa_mask[0]=0x00000000, sa_flags=0x00000000
SIGUSR2: [libjvm.so+0x300ce0], sa_mask[0]=0x00000000, sa_flags=0x10000004
SIGHUP: [libjvm.so+0x303d80], sa_mask[0]=0x7ffbfeff, sa_flags=0x10000004
SIGINT: SIG_IGN, sa_mask[0]=0x00000000, sa_flags=0x00000000
SIGTERM: [libjvm.so+0x303d80], sa_mask[0]=0x7ffbfeff, sa_flags=0x10000004
SIGQUIT: [libjvm.so+0x303d80], sa_mask[0]=0x7ffbfeff, sa_flags=0x10000004


---------------  S Y S T E M  ---------------

OS:Ubuntu 12.04 (precise)
uname:Linux 3.2.0-30-generic #48-Ubuntu SMP Fri Aug 24 16:54:40 UTC 2012 i686
libc:glibc 2.15 NPTL 2.15 
rlimit: STACK 8192k, CORE 0k, NPROC 23958, NOFILE 4096, AS infinity
load average:0.80 1.03 0.53

/proc/meminfo:
MemTotal:        3087016 kB
MemFree:         1688556 kB
Buffers:           78448 kB
Cached:           764832 kB
SwapCached:            0 kB
Active:           622376 kB
Inactive:         698516 kB
Active(anon):     478652 kB
Inactive(anon):   208400 kB
Active(file):     143724 kB
Inactive(file):   490116 kB
Unevictable:           0 kB
Mlocked:               0 kB
HighTotal:       2225520 kB
HighFree:         968780 kB
LowTotal:         861496 kB
LowFree:          719776 kB
SwapTotal:       6382588 kB
SwapFree:        6382588 kB
Dirty:               624 kB
Writeback:             0 kB
AnonPages:        477940 kB
Mapped:           164604 kB
Shmem:            209232 kB
Slab:              41480 kB
SReclaimable:      26380 kB
SUnreclaim:        15100 kB
KernelStack:        3536 kB
PageTables:         9260 kB
NFS_Unstable:          0 kB
Bounce:                0 kB
WritebackTmp:          0 kB
CommitLimit:     7926096 kB
Committed_AS:    3010128 kB
VmallocTotal:     122880 kB
VmallocUsed:       11984 kB
VmallocChunk:     110400 kB
HardwareCorrupted:     0 kB
AnonHugePages:         0 kB
HugePages_Total:       0
HugePages_Free:        0
HugePages_Rsvd:        0
HugePages_Surp:        0
Hugepagesize:       4096 kB
DirectMap4k:       16376 kB
DirectMap4M:      892928 kB


CPU:total 2 (2 cores per cpu, 1 threads per core) family 6 model 15 stepping 13, cmov, cx8, fxsr, mmx, sse, sse2, sse3, ssse3

Memory: 4k page, physical 3087016k(1688556k free), swap 6382588k(6382588k free)

vm_info: OpenJDK Client VM (20.0-b12) for linux-x86 JRE (1.6.0_24-b24), built on Jun 26 2012 22:38:21 by "buildd" with gcc 4.6.3

time: Mon Jul 15 08:36:01 2013
elapsed time: 59 seconds

